Contributing types: Autofill}
{"logTime": "0909/153841", "correlationVector":"/gcfFZIiCcPtL7AiEJBrUX.1","action":"SyncServerConnectionManagerRequest", "result":"SYNC_SERVER_OK", "context":{"environment":"Prod_southeastasia_prod-s01-064-apac-southeastasia", "migrationStage":"NotStarted", "server":"akswtt102000008"}}
{"logTime": "0909/153841", "correlationVector":"/gcfFZIiCcPtL7AiEJBrUX.3","action":"Commit.Autofill", "result":"InvalidMessage", "context":{"id":"43234f2f-dbc0-4f41-b935-1785eb56963c", "isDeleted":"false", "size":"248", "version":"1757079280123"}}
{"logTime": "0909/153841", "correlationVector":"/gcfFZIiCcPtL7AiEJBrUX.4","action":"Commit.Autofill", "result":"InvalidMessage", "context":{"id":"b104a4fa-4312-46a0-b4ee-8b3af620b779", "isDeleted":"false", "size":"248", "version":"1757260406726"}}
{"logTime": "0909/153841", "correlationVector":"/gcfFZIiCcPtL7AiEJBrUX.5","action":"Commit.Autofill", "result":"InvalidMessage", "context":{"id":"", "isDeleted":"false", "size":"248", "version":"-1"}}
{"logTime": "0909/153841", "correlationVector":"/gcfFZIiCcPtL7AiEJBrUX.6","action":"Commit.Autofill", "result":"InvalidMessage", "context":{"id":"0f2f01cf-6132-45a1-90b7-7d74956463bc", "isDeleted":"false", "size":"224", "version":"1757429358069"}}
{"logTime": "0909/153841", "correlationVector":"/gcfFZIiCcPtL7AiEJBrUX.2","action":"Commit Response", "result":"Success", "context":Result: Success. cV=/gcfFZIiCcPtL7AiEJBrUX.0;server=akswtt102000008;cloudType=Consumer;environment=Prod_southeastasia_prod-s01-064-apac-southeastasia;migrationStage=NotStarted}
{"logTime": "0909/154427", "correlationVector":"0UcSB2fX9JQ8ZX93EOJp3K","action":"Commit Request", "result":"", "context":Item count: 4
Contributing types: Sessions, History}
{"logTime": "0909/154428", "correlationVector":"0UcSB2fX9JQ8ZX93EOJp3K.1","action":"SyncServerConnectionManagerRequest", "result":"SYNC_SERVER_OK", "context":{"environment":"Prod_southeastasia_prod-s01-064-apac-southeastasia", "migrationStage":"NotStarted", "server":"akswtt10200000f"}}
{"logTime": "0909/154428", "correlationVector":"0UcSB2fX9JQ8ZX93EOJp3K.2","action":"Commit Response", "result":"Success", "context":Result: Success. cV=0UcSB2fX9JQ8ZX93EOJp3K.0;server=akswtt10200000f;cloudType=Consumer;environment=Prod_southeastasia_prod-s01-064-apac-southeastasia;migrationStage=NotStarted}
{"logTime": "0909/154529", "correlationVector":"K5wtGI+VrhqsLGB4bJEI2X","action":"Commit Request", "result":"", "context":Item count: 2
Contributing types: Sessions}
{"logTime": "0909/154530", "correlationVector":"K5wtGI+VrhqsLGB4bJEI2X.1","action":"SyncServerConnectionManagerRequest", "result":"SYNC_SERVER_OK", "context":{"environment":"Prod_southeastasia_prod-s01-064-apac-southeastasia", "migrationStage":"NotStarted", "server":"akswtt10200000b"}}
{"logTime": "0909/154530", "correlationVector":"K5wtGI+VrhqsLGB4bJEI2X.2","action":"Commit Response", "result":"Success", "context":Result: Success. cV=K5wtGI+VrhqsLGB4bJEI2X.0;server=akswtt10200000b;cloudType=Consumer;environment=Prod_southeastasia_prod-s01-064-apac-southeastasia;migrationStage=NotStarted}
{"logTime": "0909/154551", "correlationVector":"0pKjkHXb1QaKChHh5M5zd8","action":"Normal GetUpdate request", "result":"", "context":cV=0pKjkHXb1QaKChHh5M5zd8
Nudged types: Autofill, Sessions, History
Refresh requested types: Bookmarks, Preferences, Passwords, Autofill Profiles, Autofill, Extensions, Sessions, Extension settings, History Delete Directives, Device Info, User Consents, Send Tab To Self, Web Apps, History, Saved Tab Group, WebAuthn Credentials, Collection, Edge E Drop, Edge Hub App Usage, Edge Wallet, Encryption Keys}
{"logTime": "0909/154551", "correlationVector":"0pKjkHXb1QaKChHh5M5zd8.1","action":"SyncServerConnectionManagerRequest", "result":"SYNC_SERVER_OK", "context":{"environment":"Prod_southeastasia_prod-s01-064-apac-southeastasia", "migrationStage":"NotStarted", "server":"akswtt10200000w"}}
{"logTime": "0909/154551", "correlationVector":"0pKjkHXb1QaKChHh5M5zd8.2","action":"ProcessGetUpdates", "result":"Done", "context":{"dataType":"Sessions", "deleted":"0", "process_failed_to_decrypt":"0", "process_pending_decryption":"0", "process_success":"2", "total":"2"}}
{"logTime": "0909/154551", "correlationVector":"0pKjkHXb1QaKChHh5M5zd8.3","action":"ProcessGetUpdates", "result":"Done", "context":{"dataType":"History", "deleted":"0", "process_failed_to_decrypt":"0", "process_pending_decryption":"0", "process_success":"2", "total":"2"}}
{"logTime": "0909/154551", "correlationVector":"0pKjkHXb1QaKChHh5M5zd8.4","action":"GetUpdates Response", "result":"Success", "context":Received 4 update(s). cV=0pKjkHXb1QaKChHh5M5zd8.0;server=akswtt10200000w;cloudType=Consumer;environment=Prod_southeastasia_prod-s01-064-apac-southeastasia;migrationStage=NotStarted}
{"logTime": "0909/154551", "correlationVector":"WLTHOH1vpQfO9KqbzgiK3t","action":"Commit Request", "result":"", "context":Item count: 11
Contributing types: Autofill, Sessions, History}
{"logTime": "0909/154552", "correlationVector":"WLTHOH1vpQfO9KqbzgiK3t.1","action":"SyncServerConnectionManagerRequest", "result":"SYNC_SERVER_OK", "context":{"environment":"Prod_southeastasia_prod-s01-064-apac-southeastasia", "migrationStage":"NotStarted", "server":"akswtt102000008"}}
{"logTime": "0909/154552", "correlationVector":"WLTHOH1vpQfO9KqbzgiK3t.3","action":"Commit.Autofill", "result":"InvalidMessage", "context":{"id":"43234f2f-dbc0-4f41-b935-1785eb56963c", "isDeleted":"false", "size":"248", "version":"1757079280123"}}
{"logTime": "0909/154552", "correlationVector":"WLTHOH1vpQfO9KqbzgiK3t.4","action":"Commit.Autofill", "result":"InvalidMessage", "context":{"id":"b104a4fa-4312-46a0-b4ee-8b3af620b779", "isDeleted":"false", "size":"248", "version":"1757260406726"}}
{"logTime": "0909/154552", "correlationVector":"WLTHOH1vpQfO9KqbzgiK3t.5","action":"Commit.Autofill", "result":"InvalidMessage", "context":{"id":"", "isDeleted":"false", "size":"248", "version":"-1"}}
{"logTime": "0909/154552", "correlationVector":"WLTHOH1vpQfO9KqbzgiK3t.6","action":"Commit.Autofill", "result":"InvalidMessage", "context":{"id":"0f2f01cf-6132-45a1-90b7-7d74956463bc", "isDeleted":"false", "size":"224", "version":"1757429358069"}}
{"logTime": "0909/154552", "correlationVector":"WLTHOH1vpQfO9KqbzgiK3t.2","action":"Commit Response", "result":"Success", "context":Result: Success. cV=WLTHOH1vpQfO9KqbzgiK3t.0;server=akswtt102000008;cloudType=Consumer;environment=Prod_southeastasia_prod-s01-064-apac-southeastasia;migrationStage=NotStarted}
{"logTime": "0909/154552", "correlationVector":"WLTHOH1vpQfO9KqbzgiK3t.7","action":"Commit.Sessions", "result":"Success", "context":{"id":"c3cc7945-1f63-4547-bc72-dbae9f273f9c", "isDeleted":"true", "size":"0", "version":"1757432729997"}}
{"logTime": "0909/154552", "correlationVector":"WLTHOH1vpQfO9KqbzgiK3t.8","action":"Commit.Sessions", "result":"Success", "context":{"id":"f1182fe0-d2a2-4c9f-8295-e8f32842006d", "isDeleted":"true", "size":"0", "version":"1757432729998"}}
{"logTime": "0909/154554", "correlationVector":"RUvEAp7RHptqvKZXqJm6kP","action":"Normal GetUpdate request", "result":"", "context":cV=RUvEAp7RHptqvKZXqJm6kP
Nudged types: Autofill, Sessions, History
Refresh requested types: Bookmarks, Preferences, Passwords, Autofill Profiles, Autofill, Extensions, Sessions, Extension settings, History Delete Directives, Device Info, User Consents, Send Tab To Self, Web Apps, History, Saved Tab Group, WebAuthn Credentials, Collection, Edge E Drop, Edge Hub App Usage, Edge Wallet, Encryption Keys}
{"logTime": "0909/154554", "correlationVector":"RUvEAp7RHptqvKZXqJm6kP.1","action":"SyncServerConnectionManagerRequest", "result":"SYNC_SERVER_OK", "context":{"environment":"Prod_southeastasia_prod-s01-064-apac-southeastasia", "migrationStage":"NotStarted", "server":"akswtt10200000l"}}
{"logTime": "0909/154554", "correlationVector":"RUvEAp7RHptqvKZXqJm6kP.2","action":"ProcessGetUpdates", "result":"Done", "context":{"dataType":"Sessions", "deleted":"2", "process_failed_to_decrypt":"0", "process_pending_decryption":"0", "process_success":"5", "total":"5"}}
{"logTime": "0909/154554", "correlationVector":"RUvEAp7RHptqvKZXqJm6kP.3","action":"ProcessGetUpdates", "result":"Done", "context":{"dataType":"History", "deleted":"0", "process_failed_to_decrypt":"0", "process_pending_decryption":"0", "process_success":"2", "total":"2"}}
{"logTime": "0909/154554", "correlationVector":"RUvEAp7RHptqvKZXqJm6kP.4","action":"GetUpdates Response", "result":"Success", "context":Received 7 update(s). cV=RUvEAp7RHptqvKZXqJm6kP.0;server=akswtt10200000l;cloudType=Consumer;environment=Prod_southeastasia_prod-s01-064-apac-southeastasia;migrationStage=NotStarted}
{"logTime": "0909/154554", "correlationVector":"MwF3du02+Tuut3mx6kr71D","action":"Commit Request", "result":"", "context":Item count: 5
Contributing types: Sessions, History}
{"logTime": "0909/154555", "correlationVector":"MwF3du02+Tuut3mx6kr71D.1","action":"SyncServerConnectionManagerRequest", "result":"SYNC_SERVER_OK", "context":{"environment":"Prod_southeastasia_prod-s01-064-apac-southeastasia", "migrationStage":"NotStarted", "server":"akswtt10200000b"}}
{"logTime": "0909/154555", "correlationVector":"MwF3du02+Tuut3mx6kr71D.2","action":"Commit Response", "result":"Success", "context":Result: Success. cV=MwF3du02+Tuut3mx6kr71D.0;server=akswtt10200000b;cloudType=Consumer;environment=Prod_southeastasia_prod-s01-064-apac-southeastasia;migrationStage=NotStarted}
{"logTime": "0909/155241", "correlationVector":"oZytvPEHbxZEy8EerdyNge","action":"Normal GetUpdate request", "result":"", "context":cV=oZytvPEHbxZEy8EerdyNge
Nudged types: Autofill, Sessions, History
Refresh requested types: Bookmarks, Preferences, Passwords, Autofill Profiles, Autofill, Extensions, Sessions, Extension settings, History Delete Directives, Device Info, User Consents, Send Tab To Self, Web Apps, History, Saved Tab Group, WebAuthn Credentials, Collection, Edge E Drop, Edge Hub App Usage, Edge Wallet, Encryption Keys}
{"logTime": "0909/155241", "correlationVector":"oZytvPEHbxZEy8EerdyNge.1","action":"SyncServerConnectionManagerRequest", "result":"SYNC_SERVER_OK", "context":{"environment":"Prod_southeastasia_prod-s01-064-apac-southeastasia", "migrationStage":"NotStarted", "server":"akswtt10200000j"}}
{"logTime": "0909/155241", "correlationVector":"oZytvPEHbxZEy8EerdyNge.2","action":"ProcessGetUpdates", "result":"Done", "context":{"dataType":"Sessions", "deleted":"0", "process_failed_to_decrypt":"0", "process_pending_decryption":"0", "process_success":"2", "total":"2"}}
{"logTime": "0909/155241", "correlationVector":"oZytvPEHbxZEy8EerdyNge.3","action":"ProcessGetUpdates", "result":"Done", "context":{"dataType":"History", "deleted":"0", "process_failed_to_decrypt":"0", "process_pending_decryption":"0", "process_success":"3", "total":"3"}}
{"logTime": "0909/155241", "correlationVector":"oZytvPEHbxZEy8EerdyNge.4","action":"GetUpdates Response", "result":"Success", "context":Received 5 update(s). cV=oZytvPEHbxZEy8EerdyNge.0;server=akswtt10200000j;cloudType=Consumer;environment=Prod_southeastasia_prod-s01-064-apac-southeastasia;migrationStage=NotStarted}
{"logTime": "0909/155241", "correlationVector":"1WAw14bjnIUhZEoPbcGWkx","action":"Commit Request", "result":"", "context":Item count: 12
Contributing types: Autofill, Sessions, History}
{"logTime": "0909/155242", "correlationVector":"1WAw14bjnIUhZEoPbcGWkx.1","action":"SyncServerConnectionManagerRequest", "result":"SYNC_SERVER_OK", "context":{"environment":"Prod_southeastasia_prod-s01-064-apac-southeastasia", "migrationStage":"NotStarted", "server":"akswtt10200000r"}}
{"logTime": "0909/155242", "correlationVector":"1WAw14bjnIUhZEoPbcGWkx.2","action":"Commit Response", "result":"Success", "context":Result: Success. cV=1WAw14bjnIUhZEoPbcGWkx.0;server=akswtt10200000r;cloudType=Consumer;environment=Prod_southeastasia_prod-s01-064-apac-southeastasia;migrationStage=NotStarted}
{"logTime": "0909/155242", "correlationVector":"1WAw14bjnIUhZEoPbcGWkx.3","action":"Commit.Sessions", "result":"Success", "context":{"id":"6be603a9-81b8-4a12-aaea-b0f916d04659", "isDeleted":"true", "size":"0", "version":"1757432754975"}}
{"logTime": "0909/155242", "correlationVector":"1WAw14bjnIUhZEoPbcGWkx.4","action":"Commit.Sessions", "result":"Success", "context":{"id":"bba38f75-6ab1-4419-9836-9948988e977d", "isDeleted":"true", "size":"0", "version":"1757432754976"}}
{"logTime": "0909/155246", "correlationVector":"0YrQh7CddvJdmuejCQvWaw","action":"Normal GetUpdate request", "result":"", "context":cV=0YrQh7CddvJdmuejCQvWaw
Nudged types: Sessions, History
Refresh requested types: Bookmarks, Preferences, Passwords, Autofill Profiles, Autofill, Extensions, Sessions, Extension settings, History Delete Directives, Device Info, User Consents, Send Tab To Self, Web Apps, History, Saved Tab Group, WebAuthn Credentials, Collection, Edge E Drop, Edge Hub App Usage, Edge Wallet, Encryption Keys}
{"logTime": "0909/155246", "correlationVector":"0YrQh7CddvJdmuejCQvWaw.1","action":"SyncServerConnectionManagerRequest", "result":"SYNC_SERVER_OK", "context":{"environment":"Prod_southeastasia_prod-s01-064-apac-southeastasia", "migrationStage":"NotStarted", "server":"akswtt102000007"}}
{"logTime": "0909/155246", "correlationVector":"0YrQh7CddvJdmuejCQvWaw.2","action":"ProcessGetUpdates", "result":"Done", "context":{"dataType":"Autofill", "deleted":"0", "process_failed_to_decrypt":"0", "process_pending_decryption":"0", "process_success":"4", "total":"4"}}
{"logTime": "0909/155246", "correlationVector":"0YrQh7CddvJdmuejCQvWaw.3","action":"ProcessGetUpdates", "result":"Done", "context":{"dataType":"Sessions", "deleted":"2", "process_failed_to_decrypt":"0", "process_pending_decryption":"0", "process_success":"5", "total":"5"}}
{"logTime": "0909/155246", "correlationVector":"0YrQh7CddvJdmuejCQvWaw.4","action":"ProcessGetUpdates", "result":"Done", "context":{"dataType":"History", "deleted":"0", "process_failed_to_decrypt":"0", "process_pending_decryption":"0", "process_success":"3", "total":"3"}}
{"logTime": "0909/155246", "correlationVector":"0YrQh7CddvJdmuejCQvWaw.5","action":"GetUpdates Response", "result":"Success", "context":Received 12 update(s). cV=0YrQh7CddvJdmuejCQvWaw.0;server=akswtt102000007;cloudType=Consumer;environment=Prod_southeastasia_prod-s01-064-apac-southeastasia;migrationStage=NotStarted}
{"logTime": "0909/155246", "correlationVector":"rKlkNMt5Gg5Utn69dl6kFb","action":"Commit Request", "result":"", "context":Item count: 7
Contributing types: Sessions, History}
{"logTime": "0909/155246", "correlationVector":"rKlkNMt5Gg5Utn69dl6kFb.1","action":"SyncServerConnectionManagerRequest", "result":"SYNC_SERVER_OK", "context":{"environment":"Prod_southeastasia_prod-s01-064-apac-southeastasia", "migrationStage":"NotStarted", "server":"akswtt10200000g"}}
{"logTime": "0909/155246", "correlationVector":"rKlkNMt5Gg5Utn69dl6kFb.2","action":"Commit Response", "result":"Success", "context":Result: Success. cV=rKlkNMt5Gg5Utn69dl6kFb.0;server=akswtt10200000g;cloudType=Consumer;environment=Prod_southeastasia_prod-s01-064-apac-southeastasia;migrationStage=NotStarted}
{"logTime": "0909/155322", "correlationVector":"4OoSI2pjrTEOJlTv3IoPrB","action":"Commit Request", "result":"", "context":Item count: 10
Contributing types: Preferences, Sessions, History}
{"logTime": "0909/155322", "correlationVector":"4OoSI2pjrTEOJlTv3IoPrB.1","action":"SyncServerConnectionManagerRequest", "result":"SYNC_SERVER_OK", "context":{"environment":"Prod_southeastasia_prod-s01-064-apac-southeastasia", "migrationStage":"NotStarted", "server":"akswtt102000003"}}
{"logTime": "0909/155322", "correlationVector":"4OoSI2pjrTEOJlTv3IoPrB.3","action":"Commit.Sessions", "result":"Success", "context":{"id":"4d082cd0-cc46-47b7-b382-5ed57458fc3a", "isDeleted":"true", "size":"0", "version":"1757433166479"}}
{"logTime": "0909/155322", "correlationVector":"4OoSI2pjrTEOJlTv3IoPrB.4","action":"Commit.Sessions", "result":"Success", "context":{"id":"c9f27f0c-7711-424a-8ec2-2d627654b555", "isDeleted":"true", "size":"0", "version":"1757433166481"}}
{"logTime": "0909/155322", "correlationVector":"4OoSI2pjrTEOJlTv3IoPrB.2","action":"Commit Response", "result":"Success", "context":Result: Success. cV=4OoSI2pjrTEOJlTv3IoPrB.0;server=akswtt102000003;cloudType=Consumer;environment=Prod_southeastasia_prod-s01-064-apac-southeastasia;migrationStage=NotStarted}
{"logTime": "0909/155424", "correlationVector":"uzYF9m+GaB3zap/7pIQQp4","action":"Commit Request", "result":"", "context":Item count: 6
Contributing types: Sessions, History}
{"logTime": "0909/155425", "correlationVector":"uzYF9m+GaB3zap/7pIQQp4.1","action":"SyncServerConnectionManagerRequest", "result":"SYNC_SERVER_OK", "context":{"environment":"Prod_southeastasia_prod-s01-064-apac-southeastasia", "migrationStage":"NotStarted", "server":"akswtt10200000n"}}
{"logTime": "0909/155425", "correlationVector":"uzYF9m+GaB3zap/7pIQQp4.3","action":"Commit.Sessions", "result":"Success", "context":{"id":"44936d61-35db-4612-a83c-9972341b3662", "isDeleted":"true", "size":"0", "version":"1757433202457"}}
{"logTime": "0909/155425", "correlationVector":"uzYF9m+GaB3zap/7pIQQp4.2","action":"Commit Response", "result":"Success", "context":Result: Success. cV=uzYF9m+GaB3zap/7pIQQp4.0;server=akswtt10200000n;cloudType=Consumer;environment=Prod_southeastasia_prod-s01-064-apac-southeastasia;migrationStage=NotStarted}
{"logTime": "0909/155506", "correlationVector":"yq9xlFe1lupKIG46uV/9UH","action":"Commit Request", "result":"", "context":Item count: 5
Contributing types: Preferences, Sessions, History}
{"logTime": "0909/155507", "correlationVector":"yq9xlFe1lupKIG46uV/9UH.1","action":"SyncServerConnectionManagerRequest", "result":"SYNC_SERVER_OK", "context":{"environment":"Prod_southeastasia_prod-s01-064-apac-southeastasia", "migrationStage":"NotStarted", "server":"akswtt102000005"}}
{"logTime": "0909/155507", "correlationVector":"yq9xlFe1lupKIG46uV/9UH.2","action":"Commit Response", "result":"Success", "context":Result: Success. cV=yq9xlFe1lupKIG46uV/9UH.0;server=akswtt102000005;cloudType=Consumer;environment=Prod_southeastasia_prod-s01-064-apac-southeastasia;migrationStage=NotStarted}
{"logTime": "0909/155611", "correlationVector":"/U1Hkk5sFxstSsnTLSUPZv","action":"Commit Request", "result":"", "context":Item count: 4
Contributing types: Sessions, History}
{"logTime": "0909/155612", "correlationVector":"/U1Hkk5sFxstSsnTLSUPZv.1","action":"SyncServerConnectionManagerRequest", "result":"SYNC_SERVER_OK", "context":{"environment":"Prod_southeastasia_prod-s01-064-apac-southeastasia", "migrationStage":"NotStarted", "server":"akswtt102000005"}}
{"logTime": "0909/155612", "correlationVector":"/U1Hkk5sFxstSsnTLSUPZv.2","action":"Commit Response", "result":"Success", "context":Result: Success. cV=/U1Hkk5sFxstSsnTLSUPZv.0;server=akswtt102000005;cloudType=Consumer;environment=Prod_southeastasia_prod-s01-064-apac-southeastasia;migrationStage=NotStarted}
{"logTime": "0909/155647", "correlationVector":"pECmzBf7zNj1f9G/pJlI5U","action":"Commit Request", "result":"", "context":Item count: 2
Contributing types: Preferences, Sessions}
{"logTime": "0909/155648", "correlationVector":"pECmzBf7zNj1f9G/pJlI5U.1","action":"SyncServerConnectionManagerRequest", "result":"SYNC_SERVER_OK", "context":{"environment":"Prod_southeastasia_prod-s01-064-apac-southeastasia", "migrationStage":"NotStarted", "server":"akswtt102000004"}}
{"logTime": "0909/155648", "correlationVector":"pECmzBf7zNj1f9G/pJlI5U.3","action":"Commit.Sessions", "result":"Success", "context":{"id":"352f80b0-bd4d-4e4b-b7da-0e2223545dcc", "isDeleted":"true", "size":"0", "version":"1757433371945"}}
{"logTime": "0909/155648", "correlationVector":"pECmzBf7zNj1f9G/pJlI5U.2","action":"Commit Response", "result":"Success", "context":Result: Success. cV=pECmzBf7zNj1f9G/pJlI5U.0;server=akswtt102000004;cloudType=Consumer;environment=Prod_southeastasia_prod-s01-064-apac-southeastasia;migrationStage=NotStarted}
{"logTime": "0909/155750", "correlationVector":"g68gXm8b024VRAo2TLJnSp","action":"Commit Request", "result":"", "context":Item count: 3
Contributing types: Sessions, History}
{"logTime": "0909/155750", "correlationVector":"g68gXm8b024VRAo2TLJnSp.1","action":"SyncServerConnectionManagerRequest", "result":"SYNC_SERVER_OK", "context":{"environment":"Prod_southeastasia_prod-s01-064-apac-southeastasia", "migrationStage":"NotStarted", "server":"akswtt10200000b"}}
{"logTime": "0909/155750", "correlationVector":"g68gXm8b024VRAo2TLJnSp.2","action":"Commit Response", "result":"Success", "context":Result: Success. cV=g68gXm8b024VRAo2TLJnSp.0;server=akswtt10200000b;cloudType=Consumer;environment=Prod_southeastasia_prod-s01-064-apac-southeastasia;migrationStage=NotStarted}
{"logTime": "0909/155927", "correlationVector":"1XjyWYlkfKJsdE4t0oJLdE","action":"Commit Request", "result":"", "context":Item count: 9
Contributing types: Sessions, History}
{"logTime": "0909/155927", "correlationVector":"1XjyWYlkfKJsdE4t0oJLdE.1","action":"SyncServerConnectionManagerRequest", "result":"SYNC_SERVER_OK", "context":{"environment":"Prod_southeastasia_prod-s01-064-apac-southeastasia", "migrationStage":"NotStarted", "server":"akswtt10200000d"}}
{"logTime": "0909/155927", "correlationVector":"1XjyWYlkfKJsdE4t0oJLdE.2","action":"Commit Response", "result":"Success", "context":Result: Success. cV=1XjyWYlkfKJsdE4t0oJLdE.0;server=akswtt10200000d;cloudType=Consumer;environment=Prod_southeastasia_prod-s01-064-apac-southeastasia;migrationStage=NotStarted}
{"logTime": "0909/160008", "correlationVector":"QwqUGm2T2iSmELpk3Iee7L","action":"Commit Request", "result":"", "context":Item count: 3
Contributing types: Preferences, Sessions}
{"logTime": "0909/160008", "correlationVector":"QwqUGm2T2iSmELpk3Iee7L.1","action":"SyncServerConnectionManagerRequest", "result":"SYNC_SERVER_OK", "context":{"environment":"Prod_southeastasia_prod-s01-065-apac-southeastasia", "migrationStage":"NotStarted", "server":"akswtt10200000c"}}
{"logTime": "0909/160008", "correlationVector":"QwqUGm2T2iSmELpk3Iee7L.3","action":"Commit.Sessions", "result":"Success", "context":{"id":"2da3c8b1-e8fd-4c59-9e83-b41a5fb780d6", "isDeleted":"true", "size":"0", "version":"1757433567374"}}
{"logTime": "0909/160008", "correlationVector":"QwqUGm2T2iSmELpk3Iee7L.4","action":"Commit.Sessions", "result":"Success", "context":{"id":"56fe877b-8d8b-4b3f-bf87-195616abb426", "isDeleted":"true", "size":"0", "version":"1757433567376"}}
{"logTime": "0909/160008", "correlationVector":"QwqUGm2T2iSmELpk3Iee7L.2","action":"Commit Response", "result":"Success", "context":Result: Success. cV=QwqUGm2T2iSmELpk3Iee7L.0;server=akswtt10200000c;cloudType=Consumer;environment=Prod_southeastasia_prod-s01-065-apac-southeastasia;migrationStage=NotStarted}
{"logTime": "0909/160110", "correlationVector":"b2M1LGRXhNjnwrlZ5gotGz","action":"Commit Request", "result":"", "context":Item count: 15
Contributing types: Sessions, History}
{"logTime": "0909/160111", "correlationVector":"b2M1LGRXhNjnwrlZ5gotGz.1","action":"SyncServerConnectionManagerRequest", "result":"SYNC_SERVER_OK", "context":{"environment":"Prod_southeastasia_prod-s01-064-apac-southeastasia", "migrationStage":"NotStarted", "server":"akswtt10200000d"}}
{"logTime": "0909/160111", "correlationVector":"b2M1LGRXhNjnwrlZ5gotGz.2","action":"Commit Response", "result":"Success", "context":Result: Success. cV=b2M1LGRXhNjnwrlZ5gotGz.0;server=akswtt10200000d;cloudType=Consumer;environment=Prod_southeastasia_prod-s01-064-apac-southeastasia;migrationStage=NotStarted}
{"logTime": "0909/160133", "correlationVector":"ghjiOtY8WH07M61L7tSdPM","action":"Commit Request", "result":"", "context":Item count: 8
Contributing types: Preferences, Sessions, History}
{"logTime": "0909/160133", "correlationVector":"ghjiOtY8WH07M61L7tSdPM.1","action":"SyncServerConnectionManagerRequest", "result":"SYNC_SERVER_OK", "context":{"environment":"Prod_southeastasia_prod-s01-064-apac-southeastasia", "migrationStage":"NotStarted", "server":"akswtt102000011"}}
{"logTime": "0909/160133", "correlationVector":"ghjiOtY8WH07M61L7tSdPM.3","action":"Commit.Sessions", "result":"Success", "context":{"id":"37f7d503-8a2d-4136-815c-81477640591a", "isDeleted":"true", "size":"0", "version":"1757433671006"}}
{"logTime": "0909/160133", "correlationVector":"ghjiOtY8WH07M61L7tSdPM.2","action":"Commit Response", "result":"Success", "context":Result: Success. cV=ghjiOtY8WH07M61L7tSdPM.0;server=akswtt102000011;cloudType=Consumer;environment=Prod_southeastasia_prod-s01-064-apac-southeastasia;migrationStage=NotStarted}
{"logTime": "0909/160316", "correlationVector":"4n03TDRB7Qa3W3rrR0e30M","action":"Commit Request", "result":"", "context":Item count: 5
Contributing types: Sessions, History}
{"logTime": "0909/160316", "correlationVector":"4n03TDRB7Qa3W3rrR0e30M.1","action":"SyncServerConnectionManagerRequest", "result":"SYNC_SERVER_OK", "context":{"environment":"Prod_southeastasia_prod-s01-064-apac-southeastasia", "migrationStage":"NotStarted", "server":"akswtt10200000h"}}
{"logTime": "0909/160316", "correlationVector":"4n03TDRB7Qa3W3rrR0e30M.3","action":"Commit.Sessions", "result":"Success", "context":{"id":"e0def84c-a8ad-4a8b-a9d3-928a7e77b977", "isDeleted":"true", "size":"0", "version":"1757433693247"}}
{"logTime": "0909/160316", "correlationVector":"4n03TDRB7Qa3W3rrR0e30M.4","action":"Commit.Sessions", "result":"Success", "context":{"id":"d03c8b93-1ea5-4072-a626-84b8a7467158", "isDeleted":"true", "size":"0", "version":"1757433693249"}}
{"logTime": "0909/160316", "correlationVector":"4n03TDRB7Qa3W3rrR0e30M.2","action":"Commit Response", "result":"Success", "context":Result: Success. cV=4n03TDRB7Qa3W3rrR0e30M.0;server=akswtt10200000h;cloudType=Consumer;environment=Prod_southeastasia_prod-s01-064-apac-southeastasia;migrationStage=NotStarted}
{"logTime": "0909/160638", "correlationVector":"nkS0zjOC6wk48/0H/VXky9","action":"Normal GetUpdate request", "result":"", "context":cV=nkS0zjOC6wk48/0H/VXky9
Nudged types: Sessions, History
Refresh requested types: Bookmarks, Preferences, Passwords, Autofill Profiles, Autofill, Extensions, Sessions, Extension settings, History Delete Directives, Device Info, User Consents, Send Tab To Self, Web Apps, History, Saved Tab Group, WebAuthn Credentials, Collection, Edge E Drop, Edge Hub App Usage, Edge Wallet, Encryption Keys}
{"logTime": "0909/160638", "correlationVector":"nkS0zjOC6wk48/0H/VXky9.1","action":"SyncServerConnectionManagerRequest", "result":"SYNC_SERVER_OK", "context":{"environment":"Prod_southeastasia_prod-s01-064-apac-southeastasia", "migrationStage":"NotStarted", "server":"akswtt10200000w"}}
{"logTime": "0909/160638", "correlationVector":"nkS0zjOC6wk48/0H/VXky9.2","action":"ProcessGetUpdates", "result":"Done", "context":{"dataType":"Preferences", "deleted":"0", "process_failed_to_decrypt":"0", "process_pending_decryption":"0", "process_success":"1", "total":"1"}}
{"logTime": "0909/160638", "correlationVector":"nkS0zjOC6wk48/0H/VXky9.3","action":"ProcessGetUpdates", "result":"Done", "context":{"dataType":"Sessions", "deleted":"9", "process_failed_to_decrypt":"0", "process_pending_decryption":"0", "process_success":"11", "total":"11"}}
{"logTime": "0909/160638", "correlationVector":"nkS0zjOC6wk48/0H/VXky9.4","action":"ProcessGetUpdates", "result":"Done", "context":{"dataType":"History", "deleted":"0", "process_failed_to_decrypt":"0", "process_pending_decryption":"0", "process_success":"25", "total":"25"}}
{"logTime": "0909/160638", "correlationVector":"nkS0zjOC6wk48/0H/VXky9.5","action":"GetUpdates Response", "result":"Success", "context":Received 37 update(s). cV=nkS0zjOC6wk48/0H/VXky9.0;server=akswtt10200000w;cloudType=Consumer;environment=Prod_southeastasia_prod-s01-064-apac-southeastasia;migrationStage=NotStarted}
{"logTime": "0909/160638", "correlationVector":"Ed5CWidYFFYLCub/6CDcOs","action":"Commit Request", "result":"", "context":Item count: 6
Contributing types: Sessions, History}
{"logTime": "0909/160639", "correlationVector":"Ed5CWidYFFYLCub/6CDcOs.1","action":"SyncServerConnectionManagerRequest", "result":"SYNC_SERVER_OK", "context":{"environment":"Prod_southeastasia_prod-s01-064-apac-southeastasia", "migrationStage":"NotStarted", "server":"akswtt10200000p"}}
{"logTime": "0909/160639", "correlationVector":"Ed5CWidYFFYLCub/6CDcOs.3","action":"Commit.Sessions", "result":"Success", "context":{"id":"72d9c66f-3205-4fcd-9300-b817fd829fd3", "isDeleted":"true", "size":"0", "version":"1757433796203"}}
{"logTime": "0909/160639", "correlationVector":"Ed5CWidYFFYLCub/6CDcOs.2","action":"Commit Response", "result":"Success", "context":Result: Success. cV=Ed5CWidYFFYLCub/6CDcOs.0;server=akswtt10200000p;cloudType=Consumer;environment=Prod_southeastasia_prod-s01-064-apac-southeastasia;migrationStage=NotStarted}
{"logTime": "0909/160644", "correlationVector":"hYpXaB2En8vh5d+lDhKSnF","action":"Commit Request", "result":"", "context":Item count: 6
Contributing types: Preferences, Sessions, History}
{"logTime": "0909/160645", "correlationVector":"hYpXaB2En8vh5d+lDhKSnF.1","action":"SyncServerConnectionManagerRequest", "result":"SYNC_SERVER_OK", "context":{"environment":"Prod_southeastasia_prod-s01-064-apac-southeastasia", "migrationStage":"NotStarted", "server":"akswtt10200000n"}}
{"logTime": "0909/160645", "correlationVector":"hYpXaB2En8vh5d+lDhKSnF.2","action":"Commit Response", "result":"Success", "context":Result: Success. cV=hYpXaB2En8vh5d+lDhKSnF.0;server=akswtt10200000n;cloudType=Consumer;environment=Prod_southeastasia_prod-s01-064-apac-southeastasia;migrationStage=NotStarted}
{"logTime": "0909/160659", "correlationVector":"WURz7KRMv+FBgPywMKDbds","action":"Normal GetUpdate request", "result":"", "context":cV=WURz7KRMv+FBgPywMKDbds
Nudged types: Sessions, History
Refresh requested types: Bookmarks, Preferences, Passwords, Autofill Profiles, Autofill, Extensions, Sessions, Extension settings, History Delete Directives, Device Info, User Consents, Send Tab To Self, Web Apps, History, Saved Tab Group, WebAuthn Credentials, Collection, Edge E Drop, Edge Hub App Usage, Edge Wallet, Encryption Keys}
{"logTime": "0909/160700", "correlationVector":"WURz7KRMv+FBgPywMKDbds.1","action":"SyncServerConnectionManagerRequest", "result":"SYNC_SERVER_OK", "context":{"environment":"Prod_southeastasia_prod-s01-064-apac-southeastasia", "migrationStage":"NotStarted", "server":"akswtt10200000l"}}
{"logTime": "0909/160700", "correlationVector":"WURz7KRMv+FBgPywMKDbds.2","action":"ProcessGetUpdates", "result":"Done", "context":{"dataType":"Preferences", "deleted":"0", "process_failed_to_decrypt":"0", "process_pending_decryption":"0", "process_success":"1", "total":"1"}}
{"logTime": "0909/160700", "correlationVector":"WURz7KRMv+FBgPywMKDbds.3","action":"ProcessGetUpdates", "result":"Done", "context":{"dataType":"Sessions", "deleted":"1", "process_failed_to_decrypt":"0", "process_pending_decryption":"0", "process_success":"4", "total":"4"}}
{"logTime": "0909/160700", "correlationVector":"WURz7KRMv+FBgPywMKDbds.4","action":"ProcessGetUpdates", "result":"Done", "context":{"dataType":"History", "deleted":"0", "process_failed_to_decrypt":"0", "process_pending_decryption":"0", "process_success":"4", "total":"4"}}
{"logTime": "0909/160700", "correlationVector":"WURz7KRMv+FBgPywMKDbds.5","action":"GetUpdates Response", "result":"Success", "context":Received 9 update(s). cV=WURz7KRMv+FBgPywMKDbds.0;server=akswtt10200000l;cloudType=Consumer;environment=Prod_southeastasia_prod-s01-064-apac-southeastasia;migrationStage=NotStarted}
{"logTime": "0909/160700", "correlationVector":"m9w09naaq8A1g29PIPsM0P","action":"Commit Request", "result":"", "context":Item count: 9
Contributing types: Sessions, History}
{"logTime": "0909/160700", "correlationVector":"m9w09naaq8A1g29PIPsM0P.1","action":"SyncServerConnectionManagerRequest", "result":"SYNC_SERVER_OK", "context":{"environment":"Prod_southeastasia_prod-s01-064-apac-southeastasia", "migrationStage":"NotStarted", "server":"akswtt102000011"}}
{"logTime": "0909/160700", "correlationVector":"m9w09naaq8A1g29PIPsM0P.3","action":"Commit.Sessions", "result":"Success", "context":{"id":"13bc85f4-a9a5-47a8-8a17-98561a11f41e", "isDeleted":"true", "size":"0", "version":"1757434004973"}}
{"logTime": "0909/160700", "correlationVector":"m9w09naaq8A1g29PIPsM0P.2","action":"Commit Response", "result":"Success", "context":Result: Success. cV=m9w09naaq8A1g29PIPsM0P.0;server=akswtt102000011;cloudType=Consumer;environment=Prod_southeastasia_prod-s01-064-apac-southeastasia;migrationStage=NotStarted}
{"logTime": "0909/160800", "correlationVector":"eufRI4sawL0+YCS1ejm9FE","action":"Commit Request", "result":"", "context":Item count: 12
Contributing types: Sessions, History}
{"logTime": "0909/160801", "correlationVector":"eufRI4sawL0+YCS1ejm9FE.1","action":"SyncServerConnectionManagerRequest", "result":"SYNC_SERVER_OK", "context":{"environment":"Prod_southeastasia_prod-s01-064-apac-southeastasia", "migrationStage":"NotStarted", "server":"akswtt10200000r"}}
{"logTime": "0909/160801", "correlationVector":"eufRI4sawL0+YCS1ejm9FE.2","action":"Commit Response", "result":"Success", "context":Result: Success. cV=eufRI4sawL0+YCS1ejm9FE.0;server=akswtt10200000r;cloudType=Consumer;environment=Prod_southeastasia_prod-s01-064-apac-southeastasia;migrationStage=NotStarted}
{"logTime": "0909/161202", "correlationVector":"92NfMoQQe8SR6o6taqzYpD","action":"Commit Request", "result":"", "context":Item count: 5
Contributing types: Preferences, Sessions, History}
{"logTime": "0909/161203", "correlationVector":"92NfMoQQe8SR6o6taqzYpD.1","action":"SyncServerConnectionManagerRequest", "result":"SYNC_SERVER_OK", "context":{"environment":"Prod_southeastasia_prod-s01-064-apac-southeastasia", "migrationStage":"NotStarted", "server":"akswtt102000007"}}
{"logTime": "0909/161203", "correlationVector":"92NfMoQQe8SR6o6taqzYpD.3","action":"Commit.Sessions", "result":"Success", "context":{"id":"606cc4f4-36e8-4527-835c-32f77969ced0", "isDeleted":"true", "size":"0", "version":"1757434081064"}}
{"logTime": "0909/161203", "correlationVector":"92NfMoQQe8SR6o6taqzYpD.4","action":"Commit.Sessions", "result":"Success", "context":{"id":"6d0edc7e-92a9-49e4-82bc-5b32b89e2cd2", "isDeleted":"true", "size":"0", "version":"1757434081066"}}
{"logTime": "0909/161203", "correlationVector":"92NfMoQQe8SR6o6taqzYpD.2","action":"Commit Response", "result":"Success", "context":Result: Success. cV=92NfMoQQe8SR6o6taqzYpD.0;server=akswtt102000007;cloudType=Consumer;environment=Prod_southeastasia_prod-s01-064-apac-southeastasia;migrationStage=NotStarted}
{"logTime": "0909/161304", "correlationVector":"giwn+PlvyMVmYhYsTwyInC","action":"Commit Request", "result":"", "context":Item count: 14
Contributing types: Sessions, History}
{"logTime": "0909/161305", "correlationVector":"giwn+PlvyMVmYhYsTwyInC.1","action":"SyncServerConnectionManagerRequest", "result":"SYNC_SERVER_OK", "context":{"environment":"Prod_southeastasia_prod-s01-064-apac-southeastasia", "migrationStage":"NotStarted", "server":"akswtt102000007"}}
{"logTime": "0909/161305", "correlationVector":"giwn+PlvyMVmYhYsTwyInC.2","action":"Commit Response", "result":"Success", "context":Result: Success. cV=giwn+PlvyMVmYhYsTwyInC.0;server=akswtt102000007;cloudType=Consumer;environment=Prod_southeastasia_prod-s01-064-apac-southeastasia;migrationStage=NotStarted}
{"logTime": "0909/161320", "correlationVector":"W3sb8uU5+8UBSXsE+LBOTF","action":"Commit Request", "result":"", "context":Item count: 3
Contributing types: Preferences, Sessions}
{"logTime": "0909/161320", "correlationVector":"W3sb8uU5+8UBSXsE+LBOTF.1","action":"SyncServerConnectionManagerRequest", "result":"SYNC_SERVER_OK", "context":{"environment":"Prod_southeastasia_prod-s01-064-apac-southeastasia", "migrationStage":"NotStarted", "server":"akswtt102000007"}}
{"logTime": "0909/161320", "correlationVector":"W3sb8uU5+8UBSXsE+LBOTF.3","action":"Commit.Sessions", "result":"Success", "context":{"id":"b09f66c4-32bd-4a2f-88e3-73cb9f719140", "isDeleted":"true", "size":"0", "version":"1757434384365"}}
{"logTime": "0909/161320", "correlationVector":"W3sb8uU5+8UBSXsE+LBOTF.2","action":"Commit Response", "result":"Success", "context":Result: Success. cV=W3sb8uU5+8UBSXsE+LBOTF.0;server=akswtt102000007;cloudType=Consumer;environment=Prod_southeastasia_prod-s01-064-apac-southeastasia;migrationStage=NotStarted}
{"logTime": "0909/161320", "correlationVector":"W3sb8uU5+8UBSXsE+LBOTF.4","action":"Commit.Sessions", "result":"Success", "context":{"id":"766319ed-265e-4ce4-b8fb-7353d02b603d", "isDeleted":"true", "size":"0", "version":"1757434384367"}}
{"logTime": "0909/162200", "correlationVector":"Sipd/mcBhQH9taRmesdWwF","action":"Commit Request", "result":"", "context":Item count: 1
Contributing types: Preferences}
{"logTime": "0909/162201", "correlationVector":"Sipd/mcBhQH9taRmesdWwF.1","action":"SyncServerConnectionManagerRequest", "result":"SYNC_SERVER_OK", "context":{"environment":"Prod_southeastasia_prod-s01-064-apac-southeastasia", "migrationStage":"NotStarted", "server":"akswtt10200000f"}}
{"logTime": "0909/162201", "correlationVector":"Sipd/mcBhQH9taRmesdWwF.2","action":"Commit Response", "result":"Success", "context":Result: Success. cV=Sipd/mcBhQH9taRmesdWwF.0;server=akswtt10200000f;cloudType=Consumer;environment=Prod_southeastasia_prod-s01-064-apac-southeastasia;migrationStage=NotStarted}
{"logTime": "0909/162232", "correlationVector":"Wlf3ghyAIwYiiyYYIE6nk3","action":"Commit Request", "result":"", "context":Item count: 10
Contributing types: Preferences, Sessions, History}
{"logTime": "0909/162233", "correlationVector":"Wlf3ghyAIwYiiyYYIE6nk3.1","action":"SyncServerConnectionManagerRequest", "result":"SYNC_SERVER_OK", "context":{"environment":"Prod_southeastasia_prod-s01-064-apac-southeastasia", "migrationStage":"NotStarted", "server":"akswtt10200000j"}}
{"logTime": "0909/162233", "correlationVector":"Wlf3ghyAIwYiiyYYIE6nk3.2","action":"Commit Response", "result":"Success", "context":Result: Success. cV=Wlf3ghyAIwYiiyYYIE6nk3.0;server=akswtt10200000j;cloudType=Consumer;environment=Prod_southeastasia_prod-s01-064-apac-southeastasia;migrationStage=NotStarted}
{"logTime": "0909/162334", "correlationVector":"LN2SPHZNKrBe2IRTM6SLtE","action":"Commit Request", "result":"", "context":Item count: 14
Contributing types: Sessions, History}
{"logTime": "0909/162335", "correlationVector":"LN2SPHZNKrBe2IRTM6SLtE.1","action":"SyncServerConnectionManagerRequest", "result":"SYNC_SERVER_OK", "context":{"environment":"Prod_southeastasia_prod-s01-064-apac-southeastasia", "migrationStage":"NotStarted", "server":"akswtt102000005"}}
{"logTime": "0909/162335", "correlationVector":"LN2SPHZNKrBe2IRTM6SLtE.2","action":"Commit Response", "result":"Success", "context":Result: Success. cV=LN2SPHZNKrBe2IRTM6SLtE.0;server=akswtt102000005;cloudType=Consumer;environment=Prod_southeastasia_prod-s01-064-apac-southeastasia;migrationStage=NotStarted}
{"logTime": "0909/162634", "correlationVector":"RJaQ3/sNldZkKs/zk9mQ3W","action":"Commit Request", "result":"", "context":Item count: 3
Contributing types: Preferences, Sessions}
{"logTime": "0909/162634", "correlationVector":"RJaQ3/sNldZkKs/zk9mQ3W.1","action":"SyncServerConnectionManagerRequest", "result":"SYNC_SERVER_OK", "context":{"environment":"Prod_southeastasia_prod-s01-064-apac-southeastasia", "migrationStage":"NotStarted", "server":"akswtt10200000s"}}
{"logTime": "0909/162634", "correlationVector":"RJaQ3/sNldZkKs/zk9mQ3W.2","action":"Commit Response", "result":"Success", "context":Result: Success. cV=RJaQ3/sNldZkKs/zk9mQ3W.0;server=akswtt10200000s;cloudType=Consumer;environment=Prod_southeastasia_prod-s01-064-apac-southeastasia;migrationStage=NotStarted}
{"logTime": "0909/162739", "correlationVector":"honqOnwgldzo904c5OLcBe","action":"Commit Request", "result":"", "context":Item count: 13
Contributing types: Sessions, History}
{"logTime": "0909/162740", "correlationVector":"honqOnwgldzo904c5OLcBe.1","action":"SyncServerConnectionManagerRequest", "result":"SYNC_SERVER_OK", "context":{"environment":"Prod_southeastasia_prod-s01-064-apac-southeastasia", "migrationStage":"NotStarted", "server":"akswtt102000002"}}
{"logTime": "0909/162740", "correlationVector":"honqOnwgldzo904c5OLcBe.2","action":"Commit Response", "result":"Success", "context":Result: Success. cV=honqOnwgldzo904c5OLcBe.0;server=akswtt102000002;cloudType=Consumer;environment=Prod_southeastasia_prod-s01-064-apac-southeastasia;migrationStage=NotStarted}
{"logTime": "0909/162840", "correlationVector":"PxmJVOH4UmzIZMeKwvYaBb","action":"Commit Request", "result":"", "context":Item count: 4
Contributing types: Preferences, Sessions}
{"logTime": "0909/162840", "correlationVector":"PxmJVOH4UmzIZMeKwvYaBb.1","action":"SyncServerConnectionManagerRequest", "result":"SYNC_SERVER_OK", "context":{"environment":"Prod_southeastasia_prod-s01-064-apac-southeastasia", "migrationStage":"NotStarted", "server":"akswtt10200000o"}}
{"logTime": "0909/162840", "correlationVector":"PxmJVOH4UmzIZMeKwvYaBb.2","action":"Commit Response", "result":"Success", "context":Result: Success. cV=PxmJVOH4UmzIZMeKwvYaBb.0;server=akswtt10200000o;cloudType=Consumer;environment=Prod_southeastasia_prod-s01-064-apac-southeastasia;migrationStage=NotStarted}
{"logTime": "0909/162923", "correlationVector":"FcjTc2aFAZXz1V3zaw8ayP","action":"Commit Request", "result":"", "context":Item count: 5
Contributing types: Preferences, Sessions, History}
{"logTime": "0909/162923", "correlationVector":"FcjTc2aFAZXz1V3zaw8ayP.1","action":"SyncServerConnectionManagerRequest", "result":"SYNC_SERVER_OK", "context":{"environment":"Prod_southeastasia_prod-s01-064-apac-southeastasia", "migrationStage":"NotStarted", "server":"akswtt10200000h"}}
{"logTime": "0909/162923", "correlationVector":"FcjTc2aFAZXz1V3zaw8ayP.2","action":"Commit Response", "result":"Success", "context":Result: Success. cV=FcjTc2aFAZXz1V3zaw8ayP.0;server=akswtt10200000h;cloudType=Consumer;environment=Prod_southeastasia_prod-s01-064-apac-southeastasia;migrationStage=NotStarted}
{"logTime": "0909/163056", "correlationVector":"0qMMUyVQFvuZjUJH1F5l8l","action":"Commit Request", "result":"", "context":Item count: 5
Contributing types: Sessions, History}
{"logTime": "0909/163056", "correlationVector":"0qMMUyVQFvuZjUJH1F5l8l.1","action":"SyncServerConnectionManagerRequest", "result":"SYNC_SERVER_OK", "context":{"environment":"Prod_southeastasia_prod-s01-064-apac-southeastasia", "migrationStage":"NotStarted", "server":"akswtt10200000g"}}
{"logTime": "0909/163056", "correlationVector":"0qMMUyVQFvuZjUJH1F5l8l.3","action":"Commit.Sessions", "result":"Success", "context":{"id":"4aa25405-c6c0-44ec-b10b-9b2b7d49af49", "isDeleted":"true", "size":"0", "version":"1757435363632"}}
{"logTime": "0909/163056", "correlationVector":"0qMMUyVQFvuZjUJH1F5l8l.2","action":"Commit Response", "result":"Success", "context":Result: Success. cV=0qMMUyVQFvuZjUJH1F5l8l.0;server=akswtt10200000g;cloudType=Consumer;environment=Prod_southeastasia_prod-s01-064-apac-southeastasia;migrationStage=NotStarted}
{"logTime": "0909/164246", "correlationVector":"DWMLWn6yhDNoX6JkAdu3g8","action":"Commit Request", "result":"", "context":Item count: 4
Contributing types: Sessions, History}
{"logTime": "0909/164247", "correlationVector":"DWMLWn6yhDNoX6JkAdu3g8.1","action":"SyncServerConnectionManagerRequest", "result":"SYNC_SERVER_OK", "context":{"environment":"Prod_southeastasia_prod-s01-065-apac-southeastasia", "migrationStage":"NotStarted", "server":"akswtt10200000c"}}
{"logTime": "0909/164247", "correlationVector":"DWMLWn6yhDNoX6JkAdu3g8.2","action":"Commit Response", "result":"Success", "context":Result: Success. cV=DWMLWn6yhDNoX6JkAdu3g8.0;server=akswtt10200000c;cloudType=Consumer;environment=Prod_southeastasia_prod-s01-065-apac-southeastasia;migrationStage=NotStarted}
{"logTime": "0909/164533", "correlationVector":"L4NICIie2N2haE2yNaD3YD","action":"Normal GetUpdate request", "result":"", "context":cV=L4NICIie2N2haE2yNaD3YD
Nudged types: Sessions, History
Refresh requested types: Bookmarks, Preferences, Passwords, Autofill Profiles, Autofill, Extensions, Sessions, Extension settings, History Delete Directives, Device Info, User Consents, Send Tab To Self, Web Apps, History, Saved Tab Group, WebAuthn Credentials, Collection, Edge E Drop, Edge Hub App Usage, Edge Wallet, Encryption Keys}
{"logTime": "0909/164534", "correlationVector":"L4NICIie2N2haE2yNaD3YD.1","action":"SyncServerConnectionManagerRequest", "result":"SYNC_SERVER_OK", "context":{"environment":"Prod_southeastasia_prod-s01-065-apac-southeastasia", "migrationStage":"NotStarted", "server":"akswtt10200000a"}}
{"logTime": "0909/164534", "correlationVector":"L4NICIie2N2haE2yNaD3YD.2","action":"ProcessGetUpdates", "result":"Done", "context":{"dataType":"Preferences", "deleted":"0", "process_failed_to_decrypt":"0", "process_pending_decryption":"0", "process_success":"1", "total":"1"}}
{"logTime": "0909/164534", "correlationVector":"L4NICIie2N2haE2yNaD3YD.3","action":"ProcessGetUpdates", "result":"Done", "context":{"dataType":"Sessions", "deleted":"6", "process_failed_to_decrypt":"0", "process_pending_decryption":"0", "process_success":"9", "total":"9"}}
{"logTime": "0909/164534", "correlationVector":"L4NICIie2N2haE2yNaD3YD.4","action":"ProcessGetUpdates", "result":"Done", "context":{"dataType":"History", "deleted":"0", "process_failed_to_decrypt":"0", "process_pending_decryption":"0", "process_success":"49", "total":"49"}}
{"logTime": "0909/164534", "correlationVector":"L4NICIie2N2haE2yNaD3YD.5","action":"GetUpdates Response", "result":"Success", "context":Received 59 update(s). cV=L4NICIie2N2haE2yNaD3YD.0;server=akswtt10200000a;cloudType=Consumer;environment=Prod_southeastasia_prod-s01-065-apac-southeastasia;migrationStage=NotStarted}
{"logTime": "0909/164534", "correlationVector":"jDGY0Ov7iV6OVMg75zRZYG","action":"Commit Request", "result":"", "context":Item count: 6
Contributing types: Sessions, History}
{"logTime": "0909/164534", "correlationVector":"jDGY0Ov7iV6OVMg75zRZYG.1","action":"SyncServerConnectionManagerRequest", "result":"SYNC_SERVER_OK", "context":{"environment":"Prod_southeastasia_prod-s01-065-apac-southeastasia", "migrationStage":"NotStarted", "server":"akswtt10200000l"}}
{"logTime": "0909/164534", "correlationVector":"jDGY0Ov7iV6OVMg75zRZYG.3","action":"Commit.Sessions", "result":"Success", "context":{"id":"5a96b70b-e5e5-45a3-a9eb-ca5b0e302c15", "isDeleted":"true", "size":"0", "version":"1757436166736"}}
{"logTime": "0909/164534", "correlationVector":"jDGY0Ov7iV6OVMg75zRZYG.2","action":"Commit Response", "result":"Success", "context":Result: Success. cV=jDGY0Ov7iV6OVMg75zRZYG.0;server=akswtt10200000l;cloudType=Consumer;environment=Prod_southeastasia_prod-s01-065-apac-southeastasia;migrationStage=NotStarted}
{"logTime": "0909/164634", "correlationVector":"8Ms+iPSBiDKYvBl1faqhzf","action":"Commit Request", "result":"", "context":Item count: 7
Contributing types: Sessions, History}
{"logTime": "0909/164635", "correlationVector":"8Ms+iPSBiDKYvBl1faqhzf.1","action":"SyncServerConnectionManagerRequest", "result":"SYNC_SERVER_OK", "context":{"environment":"Prod_southeastasia_prod-s01-064-apac-southeastasia", "migrationStage":"NotStarted", "server":"akswtt10200000o"}}
{"logTime": "0909/164635", "correlationVector":"8Ms+iPSBiDKYvBl1faqhzf.2","action":"Commit Response", "result":"Success", "context":Result: Success. cV=8Ms+iPSBiDKYvBl1faqhzf.0;server=akswtt10200000o;cloudType=Consumer;environment=Prod_southeastasia_prod-s01-064-apac-southeastasia;migrationStage=NotStarted}
{"logTime": "0909/165953", "correlationVector":"HfvbHyPbHxoPDchmUaxEGt","action":"Normal GetUpdate request", "result":"", "context":cV=HfvbHyPbHxoPDchmUaxEGt
Nudged types: Sessions, History
Refresh requested types: Bookmarks, Preferences, Passwords, Autofill Profiles, Autofill, Extensions, Sessions, Extension settings, History Delete Directives, Device Info, User Consents, Send Tab To Self, Web Apps, History, Saved Tab Group, WebAuthn Credentials, Collection, Edge E Drop, Edge Hub App Usage, Edge Wallet, Encryption Keys}
{"logTime": "0909/165953", "correlationVector":"HfvbHyPbHxoPDchmUaxEGt.1","action":"SyncServerConnectionManagerRequest", "result":"SYNC_SERVER_OK", "context":{"environment":"Prod_southeastasia_prod-s01-064-apac-southeastasia", "migrationStage":"NotStarted", "server":"akswtt10200000l"}}
{"logTime": "0909/165953", "correlationVector":"HfvbHyPbHxoPDchmUaxEGt.2","action":"ProcessGetUpdates", "result":"Done", "context":{"dataType":"Sessions", "deleted":"1", "process_failed_to_decrypt":"0", "process_pending_decryption":"0", "process_success":"4", "total":"4"}}
{"logTime": "0909/165953", "correlationVector":"HfvbHyPbHxoPDchmUaxEGt.3","action":"ProcessGetUpdates", "result":"Done", "context":{"dataType":"History", "deleted":"0", "process_failed_to_decrypt":"0", "process_pending_decryption":"0", "process_success":"6", "total":"6"}}
{"logTime": "0909/165953", "correlationVector":"HfvbHyPbHxoPDchmUaxEGt.4","action":"GetUpdates Response", "result":"Success", "context":Received 10 update(s). cV=HfvbHyPbHxoPDchmUaxEGt.0;server=akswtt10200000l;cloudType=Consumer;environment=Prod_southeastasia_prod-s01-064-apac-southeastasia;migrationStage=NotStarted}
{"logTime": "0909/165953", "correlationVector":"JZ3kGWZPAEaQbGyK7kysKs","action":"Commit Request", "result":"", "context":Item count: 8
Contributing types: Sessions, History}
{"logTime": "0909/165954", "correlationVector":"JZ3kGWZPAEaQbGyK7kysKs.1","action":"SyncServerConnectionManagerRequest", "result":"SYNC_SERVER_OK", "context":{"environment":"Prod_southeastasia_prod-s01-064-apac-southeastasia", "migrationStage":"NotStarted", "server":"akswtt102000002"}}
{"logTime": "0909/165954", "correlationVector":"JZ3kGWZPAEaQbGyK7kysKs.3","action":"Commit.Sessions", "result":"Success", "context":{"id":"8500d849-157e-417d-8e9d-d8d77beebde5", "isDeleted":"true", "size":"0", "version":"1757436394887"}}
{"logTime": "0909/165954", "correlationVector":"JZ3kGWZPAEaQbGyK7kysKs.4","action":"Commit.Sessions", "result":"Success", "context":{"id":"832fb722-2a8c-46cd-a1b4-9d83c43589df", "isDeleted":"true", "size":"0", "version":"1757436394888"}}
{"logTime": "0909/165954", "correlationVector":"JZ3kGWZPAEaQbGyK7kysKs.2","action":"Commit Response", "result":"Success", "context":Result: Success. cV=JZ3kGWZPAEaQbGyK7kysKs.0;server=akswtt102000002;cloudType=Consumer;environment=Prod_southeastasia_prod-s01-064-apac-southeastasia;migrationStage=NotStarted}
{"logTime": "0909/170054", "correlationVector":"HO49M4hEESJRwAwlxDd0v9","action":"Commit Request", "result":"", "context":Item count: 8
Contributing types: Sessions, History}
{"logTime": "0909/170054", "correlationVector":"HO49M4hEESJRwAwlxDd0v9.1","action":"SyncServerConnectionManagerRequest", "result":"SYNC_SERVER_OK", "context":{"environment":"Prod_southeastasia_prod-s01-064-apac-southeastasia", "migrationStage":"NotStarted", "server":"akswtt10200000l"}}
{"logTime": "0909/170054", "correlationVector":"HO49M4hEESJRwAwlxDd0v9.2","action":"Commit Response", "result":"Success", "context":Result: Success. cV=HO49M4hEESJRwAwlxDd0v9.0;server=akswtt10200000l;cloudType=Consumer;environment=Prod_southeastasia_prod-s01-064-apac-southeastasia;migrationStage=NotStarted}
{"logTime": "0909/170120", "correlationVector":"ZPuXTGnYySXWNWQM61skbE","action":"Commit Request", "result":"", "context":Item count: 2
Contributing types: Preferences, Sessions}
{"logTime": "0909/170121", "correlationVector":"ZPuXTGnYySXWNWQM61skbE.1","action":"SyncServerConnectionManagerRequest", "result":"SYNC_SERVER_OK", "context":{"environment":"Prod_southeastasia_prod-s01-064-apac-southeastasia", "migrationStage":"NotStarted", "server":"akswtt10200000c"}}
{"logTime": "0909/170121", "correlationVector":"ZPuXTGnYySXWNWQM61skbE.3","action":"Commit.Sessions", "result":"Success", "context":{"id":"fe01d1a9-c83d-41ff-9966-9fc25a01eb26", "isDeleted":"true", "size":"0", "version":"1757437254263"}}
{"logTime": "0909/170121", "correlationVector":"ZPuXTGnYySXWNWQM61skbE.2","action":"Commit Response", "result":"Success", "context":Result: Success. cV=ZPuXTGnYySXWNWQM61skbE.0;server=akswtt10200000c;cloudType=Consumer;environment=Prod_southeastasia_prod-s01-064-apac-southeastasia;migrationStage=NotStarted}
{"logTime": "0909/170225", "correlationVector":"6OfZfKVQa8OTflSX0L4HsR","action":"Commit Request", "result":"", "context":Item count: 8
Contributing types: Sessions, History}
{"logTime": "0909/170225", "correlationVector":"6OfZfKVQa8OTflSX0L4HsR.1","action":"SyncServerConnectionManagerRequest", "result":"SYNC_SERVER_OK", "context":{"environment":"Prod_southeastasia_prod-s01-064-apac-southeastasia", "migrationStage":"NotStarted", "server":"akswtt10200000m"}}
{"logTime": "0909/170225", "correlationVector":"6OfZfKVQa8OTflSX0L4HsR.2","action":"Commit Response", "result":"Success", "context":Result: Success. cV=6OfZfKVQa8OTflSX0L4HsR.0;server=akswtt10200000m;cloudType=Consumer;environment=Prod_southeastasia_prod-s01-064-apac-southeastasia;migrationStage=NotStarted}
{"logTime": "0909/170331", "correlationVector":"2VvZKN151cpIhwWESqPOhQ","action":"Commit Request", "result":"", "context":Item count: 12
Contributing types: Sessions, History}
{"logTime": "0909/170332", "correlationVector":"2VvZKN151cpIhwWESqPOhQ.1","action":"SyncServerConnectionManagerRequest", "result":"SYNC_SERVER_OK", "context":{"environment":"Prod_southeastasia_prod-s01-064-apac-southeastasia", "migrationStage":"NotStarted", "server":"akswtt10200000n"}}
{"logTime": "0909/170332", "correlationVector":"2VvZKN151cpIhwWESqPOhQ.2","action":"Commit Response", "result":"Success", "context":Result: Success. cV=2VvZKN151cpIhwWESqPOhQ.0;server=akswtt10200000n;cloudType=Consumer;environment=Prod_southeastasia_prod-s01-064-apac-southeastasia;migrationStage=NotStarted}
{"logTime": "0909/170446", "correlationVector":"VOiPmYuyknxy+YRoOeszOx","action":"Commit Request", "result":"", "context":Item count: 4
Contributing types: Sessions, History}
{"logTime": "0909/170447", "correlationVector":"VOiPmYuyknxy+YRoOeszOx.1","action":"SyncServerConnectionManagerRequest", "result":"SYNC_SERVER_OK", "context":{"environment":"Prod_southeastasia_prod-s01-064-apac-southeastasia", "migrationStage":"NotStarted", "server":"akswtt10200000l"}}
{"logTime": "0909/170447", "correlationVector":"VOiPmYuyknxy+YRoOeszOx.3","action":"Commit.Sessions", "result":"Success", "context":{"id":"2db0a2f4-eb05-4a58-aea0-bc1cf1605a7c", "isDeleted":"true", "size":"0", "version":"1757437411647"}}
{"logTime": "0909/170447", "correlationVector":"VOiPmYuyknxy+YRoOeszOx.2","action":"Commit Response", "result":"Success", "context":Result: Success. cV=VOiPmYuyknxy+YRoOeszOx.0;server=akswtt10200000l;cloudType=Consumer;environment=Prod_southeastasia_prod-s01-064-apac-southeastasia;migrationStage=NotStarted}
{"logTime": "0909/170547", "correlationVector":"ydxz5xYS+J/VJggHwuMai4","action":"Commit Request", "result":"", "context":Item count: 10
Contributing types: Sessions, History}
{"logTime": "0909/170547", "correlationVector":"ydxz5xYS+J/VJggHwuMai4.1","action":"SyncServerConnectionManagerRequest", "result":"SYNC_SERVER_OK", "context":{"environment":"Prod_southeastasia_prod-s01-064-apac-southeastasia", "migrationStage":"NotStarted", "server":"akswtt102000007"}}
{"logTime": "0909/170547", "correlationVector":"ydxz5xYS+J/VJggHwuMai4.2","action":"Commit Response", "result":"Success", "context":Result: Success. cV=ydxz5xYS+J/VJggHwuMai4.0;server=akswtt102000007;cloudType=Consumer;environment=Prod_southeastasia_prod-s01-064-apac-southeastasia;migrationStage=NotStarted}
{"logTime": "0909/172358", "correlationVector":"EzeCaJQU6xDnq3jwRdCXxT","action":"Normal GetUpdate request", "result":"", "context":cV=EzeCaJQU6xDnq3jwRdCXxT
Nudged types: Sessions, History
Refresh requested types: Bookmarks, Preferences, Passwords, Autofill Profiles, Autofill, Extensions, Sessions, Extension settings, History Delete Directives, Device Info, User Consents, Send Tab To Self, Web Apps, History, Saved Tab Group, WebAuthn Credentials, Collection, Edge E Drop, Edge Hub App Usage, Edge Wallet, Encryption Keys}
{"logTime": "0909/172358", "correlationVector":"EzeCaJQU6xDnq3jwRdCXxT.1","action":"SyncServerConnectionManagerRequest", "result":"SYNC_SERVER_OK", "context":{"environment":"Prod_southeastasia_prod-s01-064-apac-southeastasia", "migrationStage":"NotStarted", "server":"akswtt10200000g"}}
{"logTime": "0909/172358", "correlationVector":"EzeCaJQU6xDnq3jwRdCXxT.2","action":"ProcessGetUpdates", "result":"Done", "context":{"dataType":"Sessions", "deleted":"2", "process_failed_to_decrypt":"0", "process_pending_decryption":"0", "process_success":"5", "total":"5"}}
{"logTime": "0909/172358", "correlationVector":"EzeCaJQU6xDnq3jwRdCXxT.3","action":"ProcessGetUpdates", "result":"Done", "context":{"dataType":"History", "deleted":"0", "process_failed_to_decrypt":"0", "process_pending_decryption":"0", "process_success":"3", "total":"3"}}
{"logTime": "0909/172358", "correlationVector":"EzeCaJQU6xDnq3jwRdCXxT.4","action":"GetUpdates Response", "result":"Success", "context":Received 8 update(s). cV=EzeCaJQU6xDnq3jwRdCXxT.0;server=akswtt10200000g;cloudType=Consumer;environment=Prod_southeastasia_prod-s01-064-apac-southeastasia;migrationStage=NotStarted}
{"logTime": "0909/172358", "correlationVector":"LMJbt4M14QQaMzJ1UlhK+i","action":"Commit Request", "result":"", "context":Item count: 8
Contributing types: Sessions, History}
{"logTime": "0909/172359", "correlationVector":"LMJbt4M14QQaMzJ1UlhK+i.1","action":"SyncServerConnectionManagerRequest", "result":"SYNC_SERVER_OK", "context":{"environment":"Prod_southeastasia_prod-s01-064-apac-southeastasia", "migrationStage":"NotStarted", "server":"akswtt102000005"}}
{"logTime": "0909/172359", "correlationVector":"LMJbt4M14QQaMzJ1UlhK+i.3","action":"Commit.Sessions", "result":"Success", "context":{"id":"350f9fec-7aec-443d-877d-75ef2788b455", "isDeleted":"true", "size":"0", "version":"1757438634256"}}
{"logTime": "0909/172359", "correlationVector":"LMJbt4M14QQaMzJ1UlhK+i.2","action":"Commit Response", "result":"Success", "context":Result: Success. cV=LMJbt4M14QQaMzJ1UlhK+i.0;server=akswtt102000005;cloudType=Consumer;environment=Prod_southeastasia_prod-s01-064-apac-southeastasia;migrationStage=NotStarted}
{"logTime": "0909/172759", "correlationVector":"MTRkN+QwaMn4hCDss3pHLG","action":"Normal GetUpdate request", "result":"", "context":cV=MTRkN+QwaMn4hCDss3pHLG
Nudged types: Preferences, Sessions, History
Refresh requested types: Bookmarks, Preferences, Passwords, Autofill Profiles, Autofill, Extensions, Sessions, Extension settings, History Delete Directives, Device Info, User Consents, Send Tab To Self, Web Apps, History, Saved Tab Group, WebAuthn Credentials, Collection, Edge E Drop, Edge Hub App Usage, Edge Wallet, Encryption Keys}
{"logTime": "0909/172759", "correlationVector":"MTRkN+QwaMn4hCDss3pHLG.1","action":"SyncServerConnectionManagerRequest", "result":"SYNC_SERVER_OK", "context":{"environment":"Prod_southeastasia_prod-s01-065-apac-southeastasia", "migrationStage":"NotStarted", "server":"akswtt10200000d"}}
{"logTime": "0909/172759", "correlationVector":"MTRkN+QwaMn4hCDss3pHLG.2","action":"ProcessGetUpdates", "result":"Done", "context":{"dataType":"Sessions", "deleted":"1", "process_failed_to_decrypt":"0", "process_pending_decryption":"0", "process_success":"5", "total":"5"}}
{"logTime": "0909/172759", "correlationVector":"MTRkN+QwaMn4hCDss3pHLG.3","action":"ProcessGetUpdates", "result":"Done", "context":{"dataType":"History", "deleted":"0", "process_failed_to_decrypt":"0", "process_pending_decryption":"0", "process_success":"3", "total":"3"}}
{"logTime": "0909/172759", "correlationVector":"MTRkN+QwaMn4hCDss3pHLG.4","action":"GetUpdates Response", "result":"Success", "context":Received 8 update(s). cV=MTRkN+QwaMn4hCDss3pHLG.0;server=akswtt10200000d;cloudType=Consumer;environment=Prod_southeastasia_prod-s01-065-apac-southeastasia;migrationStage=NotStarted}
{"logTime": "0909/172759", "correlationVector":"nRTWzCfGmTkKQpC+OoSAzL","action":"Commit Request", "result":"", "context":Item count: 10
Contributing types: Preferences, Sessions, History}
{"logTime": "0909/172800", "correlationVector":"nRTWzCfGmTkKQpC+OoSAzL.1","action":"SyncServerConnectionManagerRequest", "result":"SYNC_SERVER_OK", "context":{"environment":"Prod_southeastasia_prod-s01-065-apac-southeastasia", "migrationStage":"NotStarted", "server":"akswtt10200000t"}}
{"logTime": "0909/172800", "correlationVector":"nRTWzCfGmTkKQpC+OoSAzL.2","action":"Commit Response", "result":"Success", "context":Result: Success. cV=nRTWzCfGmTkKQpC+OoSAzL.0;server=akswtt10200000t;cloudType=Consumer;environment=Prod_southeastasia_prod-s01-065-apac-southeastasia;migrationStage=NotStarted}
{"logTime": "0909/172802", "correlationVector":"6KlCxsI0r/OIjZ+ez09IvC","action":"Commit Request", "result":"", "context":Item count: 8
Contributing types: Sessions, History}
{"logTime": "0909/172802", "correlationVector":"6KlCxsI0r/OIjZ+ez09IvC","action":"SyncServerConnectionManagerRequest", "result":"CONNECTION_UNAVAILABLE", "context":{"error_type":"net_error_code", "error_value":"-3"}}
{"logTime": "0909/172805", "correlationVector":"Rd2DV1kHMOyfKcFElR9XtF","action":"Normal GetUpdate request", "result":"", "context":cV=Rd2DV1kHMOyfKcFElR9XtF
Nudged types: Sessions, History
Refresh requested types: Bookmarks, Preferences, Passwords, Autofill Profiles, Autofill, Extensions, Sessions, Extension settings, History Delete Directives, Device Info, User Consents, Send Tab To Self, Web Apps, History, Saved Tab Group, WebAuthn Credentials, Collection, Edge E Drop, Edge Hub App Usage, Edge Wallet, Encryption Keys}
{"logTime": "0909/172805", "correlationVector":"Rd2DV1kHMOyfKcFElR9XtF.1","action":"SyncServerConnectionManagerRequest", "result":"SYNC_SERVER_OK", "context":{"environment":"Prod_southeastasia_prod-s01-064-apac-southeastasia", "migrationStage":"NotStarted", "server":"akswtt102000010"}}
{"logTime": "0909/172805", "correlationVector":"Rd2DV1kHMOyfKcFElR9XtF.2","action":"ProcessGetUpdates", "result":"Done", "context":{"dataType":"Preferences", "deleted":"0", "process_failed_to_decrypt":"0", "process_pending_decryption":"0", "process_success":"1", "total":"1"}}
{"logTime": "0909/172805", "correlationVector":"Rd2DV1kHMOyfKcFElR9XtF.3","action":"ProcessGetUpdates", "result":"Done", "context":{"dataType":"Sessions", "deleted":"2", "process_failed_to_decrypt":"0", "process_pending_decryption":"0", "process_success":"5", "total":"5"}}
{"logTime": "0909/172805", "correlationVector":"Rd2DV1kHMOyfKcFElR9XtF.4","action":"ProcessGetUpdates", "result":"Done", "context":{"dataType":"History", "deleted":"0", "process_failed_to_decrypt":"0", "process_pending_decryption":"0", "process_success":"6", "total":"6"}}
{"logTime": "0909/172805", "correlationVector":"Rd2DV1kHMOyfKcFElR9XtF.5","action":"GetUpdates Response", "result":"Success", "context":Received 12 update(s). cV=Rd2DV1kHMOyfKcFElR9XtF.0;server=akswtt102000010;cloudType=Consumer;environment=Prod_southeastasia_prod-s01-064-apac-southeastasia;migrationStage=NotStarted}
{"logTime": "0909/172805", "correlationVector":"XCvdektsTFmH1GR59OnWRb","action":"Commit Request", "result":"", "context":Item count: 4
Contributing types: Sessions, History}
{"logTime": "0909/172805", "correlationVector":"XCvdektsTFmH1GR59OnWRb.1","action":"SyncServerConnectionManagerRequest", "result":"SYNC_SERVER_OK", "context":{"environment":"Prod_southeastasia_prod-s01-064-apac-southeastasia", "migrationStage":"NotStarted", "server":"akswtt102000000"}}
{"logTime": "0909/172805", "correlationVector":"XCvdektsTFmH1GR59OnWRb.2","action":"Commit Response", "result":"Success", "context":Result: Success. cV=XCvdektsTFmH1GR59OnWRb.0;server=akswtt102000000;cloudType=Consumer;environment=Prod_southeastasia_prod-s01-064-apac-southeastasia;migrationStage=NotStarted}
{"logTime": "0909/172810", "correlationVector":"JmMPoQk5OsjlLdz5IJKVha","action":"Commit Request", "result":"", "context":Item count: 9
Contributing types: Preferences, Sessions, History}
{"logTime": "0909/172810", "correlationVector":"JmMPoQk5OsjlLdz5IJKVha.1","action":"SyncServerConnectionManagerRequest", "result":"SYNC_SERVER_OK", "context":{"environment":"Prod_southeastasia_prod-s01-064-apac-southeastasia", "migrationStage":"NotStarted", "server":"akswtt10200000s"}}
{"logTime": "0909/172810", "correlationVector":"JmMPoQk5OsjlLdz5IJKVha.3","action":"Commit.Sessions", "result":"Success", "context":{"id":"870d3cda-a2e6-4fd5-a1b0-a42bde751ad2", "isDeleted":"true", "size":"0", "version":"1757438882483"}}
{"logTime": "0909/172810", "correlationVector":"JmMPoQk5OsjlLdz5IJKVha.4","action":"Commit.Sessions", "result":"Success", "context":{"id":"05b7eb32-5c24-49f5-945a-f347a3cd19f8", "isDeleted":"true", "size":"0", "version":"1757438882484"}}
{"logTime": "0909/172810", "correlationVector":"JmMPoQk5OsjlLdz5IJKVha.2","action":"Commit Response", "result":"Success", "context":Result: Success. cV=JmMPoQk5OsjlLdz5IJKVha.0;server=akswtt10200000s;cloudType=Consumer;environment=Prod_southeastasia_prod-s01-064-apac-southeastasia;migrationStage=NotStarted}
{"logTime": "0909/172912", "correlationVector":"KwhMXtdo+E5J6Rb7mzBW5a","action":"Commit Request", "result":"", "context":Item count: 6
Contributing types: Sessions, History}
{"logTime": "0909/172912", "correlationVector":"KwhMXtdo+E5J6Rb7mzBW5a.1","action":"SyncServerConnectionManagerRequest", "result":"SYNC_SERVER_OK", "context":{"environment":"Prod_southeastasia_prod-s01-064-apac-southeastasia", "migrationStage":"NotStarted", "server":"akswtt102000005"}}
{"logTime": "0909/172912", "correlationVector":"KwhMXtdo+E5J6Rb7mzBW5a.3","action":"Commit.Sessions", "result":"Success", "context":{"id":"0cd296b9-7038-4193-b5be-0facab3cf985", "isDeleted":"true", "size":"0", "version":"1757438890280"}}
{"logTime": "0909/172912", "correlationVector":"KwhMXtdo+E5J6Rb7mzBW5a.2","action":"Commit Response", "result":"Success", "context":Result: Success. cV=KwhMXtdo+E5J6Rb7mzBW5a.0;server=akswtt102000005;cloudType=Consumer;environment=Prod_southeastasia_prod-s01-064-apac-southeastasia;migrationStage=NotStarted}
{"logTime": "0909/173321", "correlationVector":"+1dDB1oJKc6qXEf1+mNZ9s","action":"Commit Request", "result":"", "context":Item count: 13
Contributing types: Sessions, History}
{"logTime": "0909/173321", "correlationVector":"+1dDB1oJKc6qXEf1+mNZ9s.1","action":"SyncServerConnectionManagerRequest", "result":"SYNC_SERVER_OK", "context":{"environment":"Prod_southeastasia_prod-s01-064-apac-southeastasia", "migrationStage":"NotStarted", "server":"akswtt10200000j"}}
{"logTime": "0909/173321", "correlationVector":"+1dDB1oJKc6qXEf1+mNZ9s.2","action":"Commit Response", "result":"Success", "context":Result: Success. cV=+1dDB1oJKc6qXEf1+mNZ9s.0;server=akswtt10200000j;cloudType=Consumer;environment=Prod_southeastasia_prod-s01-064-apac-southeastasia;migrationStage=NotStarted}
{"logTime": "0910/003720", "correlationVector":"ftvnYn9ALge/0UiR1Y8o5j","action":"Normal GetUpdate request", "result":"", "context":cV=ftvnYn9ALge/0UiR1Y8o5j
Nudged types: Sessions, Device Info, History
Refresh requested types: Bookmarks, Preferences, Passwords, Autofill Profiles, Autofill, Extensions, Sessions, Extension settings, History Delete Directives, Device Info, User Consents, Send Tab To Self, Web Apps, History, Saved Tab Group, WebAuthn Credentials, Collection, Edge E Drop, Edge Hub App Usage, Edge Wallet, Encryption Keys}
{"logTime": "0910/003720", "correlationVector":"ftvnYn9ALge/0UiR1Y8o5j.1","action":"SyncServerConnectionManagerRequest", "result":"SYNC_SERVER_OK", "context":{"environment":"Prod_southeastasia_prod-s01-064-apac-southeastasia", "migrationStage":"NotStarted", "server":"akswtt102000003"}}
{"logTime": "0910/003720", "correlationVector":"ftvnYn9ALge/0UiR1Y8o5j.2","action":"ProcessGetUpdates", "result":"Done", "context":{"dataType":"Preferences", "deleted":"0", "process_failed_to_decrypt":"0", "process_pending_decryption":"0", "process_success":"1", "total":"1"}}
{"logTime": "0910/003720", "correlationVector":"ftvnYn9ALge/0UiR1Y8o5j.3","action":"ProcessGetUpdates", "result":"Done", "context":{"dataType":"Sessions", "deleted":"3", "process_failed_to_decrypt":"0", "process_pending_decryption":"0", "process_success":"6", "total":"6"}}
{"logTime": "0910/003720", "correlationVector":"ftvnYn9ALge/0UiR1Y8o5j.4","action":"ProcessGetUpdates", "result":"Done", "context":{"dataType":"History", "deleted":"0", "process_failed_to_decrypt":"0", "process_pending_decryption":"0", "process_success":"18", "total":"18"}}
{"logTime": "0910/003720", "correlationVector":"ftvnYn9ALge/0UiR1Y8o5j.5","action":"GetUpdates Response", "result":"Success", "context":Received 25 update(s). cV=ftvnYn9ALge/0UiR1Y8o5j.0;server=akswtt102000003;cloudType=Consumer;environment=Prod_southeastasia_prod-s01-064-apac-southeastasia;migrationStage=NotStarted}
{"logTime": "0910/003720", "correlationVector":"I3A0b1Rb6Zin9sQ1eLFZ7+","action":"Commit Request", "result":"", "context":Item count: 5
Contributing types: Preferences, Sessions, Device Info}
{"logTime": "0910/003721", "correlationVector":"I3A0b1Rb6Zin9sQ1eLFZ7+.1","action":"SyncServerConnectionManagerRequest", "result":"SYNC_SERVER_OK", "context":{"environment":"Prod_southeastasia_prod-s01-064-apac-southeastasia", "migrationStage":"NotStarted", "server":"akswtt102000004"}}
{"logTime": "0910/003721", "correlationVector":"I3A0b1Rb6Zin9sQ1eLFZ7+.3","action":"Commit.Sessions", "result":"Success", "context":{"id":"9d6b69d5-b1ab-410d-9e25-ea39c24151e0", "isDeleted":"true", "size":"0", "version":"1757438890281"}}
{"logTime": "0910/003721", "correlationVector":"I3A0b1Rb6Zin9sQ1eLFZ7+.4","action":"Commit.Sessions", "result":"Success", "context":{"id":"ffc83b40-392a-47fc-92b7-598f960f7084", "isDeleted":"true", "size":"0", "version":"1757439201336"}}
{"logTime": "0910/003721", "correlationVector":"I3A0b1Rb6Zin9sQ1eLFZ7+.2","action":"Commit Response", "result":"Success", "context":Result: Success. cV=I3A0b1Rb6Zin9sQ1eLFZ7+.0;server=akswtt102000004;cloudType=Consumer;environment=Prod_southeastasia_prod-s01-064-apac-southeastasia;migrationStage=NotStarted}
{"logTime": "0910/003721", "correlationVector":"Kv5s8EKkrEYatjslGqCuaB","action":"Poll GetUpdate request", "result":"", "context":cV=Kv5s8EKkrEYatjslGqCuaB}
{"logTime": "0910/003721", "correlationVector":"Kv5s8EKkrEYatjslGqCuaB.1","action":"SyncServerConnectionManagerRequest", "result":"SYNC_SERVER_OK", "context":{"environment":"Prod_southeastasia_prod-s01-064-apac-southeastasia", "migrationStage":"NotStarted", "server":"akswtt102000008"}}
{"logTime": "0910/003721", "correlationVector":"Kv5s8EKkrEYatjslGqCuaB.2","action":"ProcessGetUpdates", "result":"Done", "context":{"dataType":"Preferences", "deleted":"0", "process_failed_to_decrypt":"0", "process_pending_decryption":"0", "process_success":"1", "total":"1"}}
{"logTime": "0910/003721", "correlationVector":"Kv5s8EKkrEYatjslGqCuaB.3","action":"ProcessGetUpdates", "result":"Done", "context":{"dataType":"Sessions", "deleted":"2", "process_failed_to_decrypt":"0", "process_pending_decryption":"0", "process_success":"3", "total":"3"}}
{"logTime": "0910/003721", "correlationVector":"Kv5s8EKkrEYatjslGqCuaB.4","action":"ProcessGetUpdates", "result":"Done", "context":{"dataType":"Device Info", "deleted":"0", "process_failed_to_decrypt":"0", "process_pending_decryption":"0", "process_success":"1", "total":"1"}}
{"logTime": "0910/003721", "correlationVector":"Kv5s8EKkrEYatjslGqCuaB.5","action":"GetUpdates Response", "result":"Success", "context":Received 5 update(s). cV=Kv5s8EKkrEYatjslGqCuaB.0;server=akswtt102000008;cloudType=Consumer;environment=Prod_southeastasia_prod-s01-064-apac-southeastasia;migrationStage=NotStarted}
{"logTime": "0910/005121", "correlationVector":"WRzNOcHY4uGXvUgL54q6e0","action":"Normal GetUpdate request", "result":"", "context":cV=WRzNOcHY4uGXvUgL54q6e0
Nudged types: Sessions, History
Refresh requested types: Bookmarks, Preferences, Passwords, Autofill Profiles, Autofill, Extensions, Sessions, Extension settings, History Delete Directives, Device Info, User Consents, Send Tab To Self, Web Apps, History, Saved Tab Group, WebAuthn Credentials, Collection, Edge E Drop, Edge Hub App Usage, Edge Wallet, Encryption Keys}
{"logTime": "0910/005121", "correlationVector":"WRzNOcHY4uGXvUgL54q6e0.1","action":"SyncServerConnectionManagerRequest", "result":"SYNC_SERVER_OK", "context":{"environment":"Prod_southeastasia_prod-s01-064-apac-southeastasia", "migrationStage":"NotStarted", "server":"akswtt102000007"}}
{"logTime": "0910/005121", "correlationVector":"WRzNOcHY4uGXvUgL54q6e0.2","action":"GetUpdates Response", "result":"Success", "context":Received 0 update(s). cV=WRzNOcHY4uGXvUgL54q6e0.0;server=akswtt102000007;cloudType=Consumer;environment=Prod_southeastasia_prod-s01-064-apac-southeastasia;migrationStage=NotStarted}
{"logTime": "0910/005121", "correlationVector":"yPX1gHzN8W55HQME/+79w0","action":"Commit Request", "result":"", "context":Item count: 13
Contributing types: Sessions, History}
{"logTime": "0910/005122", "correlationVector":"yPX1gHzN8W55HQME/+79w0.1","action":"SyncServerConnectionManagerRequest", "result":"SYNC_SERVER_OK", "context":{"environment":"Prod_southeastasia_prod-s01-064-apac-southeastasia", "migrationStage":"NotStarted", "server":"akswtt10200000d"}}
{"logTime": "0910/005122", "correlationVector":"yPX1gHzN8W55HQME/+79w0.2","action":"Commit Response", "result":"Success", "context":Result: Success. cV=yPX1gHzN8W55HQME/+79w0.0;server=akswtt10200000d;cloudType=Consumer;environment=Prod_southeastasia_prod-s01-064-apac-southeastasia;migrationStage=NotStarted}
{"logTime": "0910/005222", "correlationVector":"zVgBvRF47uxJ4B8respP5f","action":"Commit Request", "result":"", "context":Item count: 13
Contributing types: Sessions, History}
{"logTime": "0910/005223", "correlationVector":"zVgBvRF47uxJ4B8respP5f.1","action":"SyncServerConnectionManagerRequest", "result":"SYNC_SERVER_OK", "context":{"environment":"Prod_southeastasia_prod-s01-064-apac-southeastasia", "migrationStage":"NotStarted", "server":"akswtt10200000m"}}
{"logTime": "0910/005223", "correlationVector":"zVgBvRF47uxJ4B8respP5f.3","action":"Commit.Sessions", "result":"Success", "context":{"id":"98d61f2e-453e-40ba-be4e-873a9993affb", "isDeleted":"true", "size":"0", "version":"1757465481703"}}
{"logTime": "0910/005223", "correlationVector":"zVgBvRF47uxJ4B8respP5f.4","action":"Commit.Sessions", "result":"Success", "context":{"id":"f9fb6f7c-eb10-4b81-87c5-b9bd67e4d61b", "isDeleted":"true", "size":"0", "version":"1757465481705"}}
{"logTime": "0910/005223", "correlationVector":"zVgBvRF47uxJ4B8respP5f.2","action":"Commit Response", "result":"Success", "context":Result: Success. cV=zVgBvRF47uxJ4B8respP5f.0;server=akswtt10200000m;cloudType=Consumer;environment=Prod_southeastasia_prod-s01-064-apac-southeastasia;migrationStage=NotStarted}
{"logTime": "0910/005225", "correlationVector":"i5Fm6fZNZxSCFb6UMGTue2","action":"Commit Request", "result":"", "context":Item count: 1
Contributing types: Preferences}
{"logTime": "0910/005225", "correlationVector":"i5Fm6fZNZxSCFb6UMGTue2.1","action":"SyncServerConnectionManagerRequest", "result":"SYNC_SERVER_OK", "context":{"environment":"Prod_southeastasia_prod-s01-064-apac-southeastasia", "migrationStage":"NotStarted", "server":"akswtt102000006"}}
{"logTime": "0910/005225", "correlationVector":"i5Fm6fZNZxSCFb6UMGTue2.2","action":"Commit Response", "result":"Success", "context":Result: Success. cV=i5Fm6fZNZxSCFb6UMGTue2.0;server=akswtt102000006;cloudType=Consumer;environment=Prod_southeastasia_prod-s01-064-apac-southeastasia;migrationStage=NotStarted}
{"logTime": "0910/005226", "correlationVector":"Se+Rb11/naD310VwA0yMHI","action":"Commit Request", "result":"", "context":Item count: 1
Contributing types: Device Info}
{"logTime": "0910/005226", "correlationVector":"Se+Rb11/naD310VwA0yMHI.1","action":"SyncServerConnectionManagerRequest", "result":"SYNC_SERVER_OK", "context":{"environment":"Prod_southeastasia_prod-s01-064-apac-southeastasia", "migrationStage":"NotStarted", "server":"akswtt102000011"}}
{"logTime": "0910/005226", "correlationVector":"Se+Rb11/naD310VwA0yMHI.2","action":"Commit Response", "result":"Success", "context":Result: Success. cV=Se+Rb11/naD310VwA0yMHI.0;server=akswtt102000011;cloudType=Consumer;environment=Prod_southeastasia_prod-s01-064-apac-southeastasia;migrationStage=NotStarted}
{"logTime": "0910/005229", "correlationVector":"xEnuEYsWFMPW9GYB8ZIISZ","action":"Commit Request", "result":"", "context":Item count: 2
Contributing types: Preferences, Device Info}
{"logTime": "0910/005229", "correlationVector":"xEnuEYsWFMPW9GYB8ZIISZ.1","action":"SyncServerConnectionManagerRequest", "result":"SYNC_SERVER_OK", "context":{"environment":"Prod_southeastasia_prod-s01-064-apac-southeastasia", "migrationStage":"NotStarted", "server":"akswtt10200000f"}}
{"logTime": "0910/005229", "correlationVector":"xEnuEYsWFMPW9GYB8ZIISZ.2","action":"Commit Response", "result":"Success", "context":Result: Success. cV=xEnuEYsWFMPW9GYB8ZIISZ.0;server=akswtt10200000f;cloudType=Consumer;environment=Prod_southeastasia_prod-s01-064-apac-southeastasia;migrationStage=NotStarted}
{"logTime": "0910/005231", "correlationVector":"EEXqnAnN8RSsyfPvOlPNag","action":"Commit Request", "result":"", "context":Item count: 1
Contributing types: Device Info}
{"logTime": "0910/005232", "correlationVector":"EEXqnAnN8RSsyfPvOlPNag.1","action":"SyncServerConnectionManagerRequest", "result":"SYNC_SERVER_OK", "context":{"environment":"Prod_southeastasia_prod-s01-064-apac-southeastasia", "migrationStage":"NotStarted", "server":"akswtt102000006"}}
{"logTime": "0910/005232", "correlationVector":"EEXqnAnN8RSsyfPvOlPNag.2","action":"Commit Response", "result":"Success", "context":Result: Success. cV=EEXqnAnN8RSsyfPvOlPNag.0;server=akswtt102000006;cloudType=Consumer;environment=Prod_southeastasia_prod-s01-064-apac-southeastasia;migrationStage=NotStarted}
{"logTime": "0910/005232", "correlationVector":"2hRsQkWw6/dabniUodEb29","action":"Commit Request", "result":"", "context":Item count: 1
Contributing types: Device Info}
{"logTime": "0910/005233", "correlationVector":"2hRsQkWw6/dabniUodEb29.1","action":"SyncServerConnectionManagerRequest", "result":"SYNC_SERVER_OK", "context":{"environment":"Prod_southeastasia_prod-s01-064-apac-southeastasia", "migrationStage":"NotStarted", "server":"akswtt102000010"}}
{"logTime": "0910/005233", "correlationVector":"2hRsQkWw6/dabniUodEb29.2","action":"Commit Response", "result":"Success", "context":Result: Success. cV=2hRsQkWw6/dabniUodEb29.0;server=akswtt102000010;cloudType=Consumer;environment=Prod_southeastasia_prod-s01-064-apac-southeastasia;migrationStage=NotStarted}
{"logTime": "0910/005233", "correlationVector":"mmH14miL2Eh0g2hCxDSdKP","action":"Commit Request", "result":"", "context":Item count: 1
Contributing types: Device Info}
{"logTime": "0910/005234", "correlationVector":"mmH14miL2Eh0g2hCxDSdKP.1","action":"SyncServerConnectionManagerRequest", "result":"SYNC_SERVER_OK", "context":{"environment":"Prod_southeastasia_prod-s01-064-apac-southeastasia", "migrationStage":"NotStarted", "server":"akswtt102000005"}}
{"logTime": "0910/005234", "correlationVector":"mmH14miL2Eh0g2hCxDSdKP.2","action":"Commit Response", "result":"Success", "context":Result: Success. cV=mmH14miL2Eh0g2hCxDSdKP.0;server=akswtt102000005;cloudType=Consumer;environment=Prod_southeastasia_prod-s01-064-apac-southeastasia;migrationStage=NotStarted}
{"logTime": "0910/005234", "correlationVector":"QQMwp3Df+jPysSTvStogEt","action":"Commit Request", "result":"", "context":Item count: 1
Contributing types: Device Info}
{"logTime": "0910/005235", "correlationVector":"QQMwp3Df+jPysSTvStogEt.1","action":"SyncServerConnectionManagerRequest", "result":"SYNC_SERVER_OK", "context":{"environment":"Prod_southeastasia_prod-s01-064-apac-southeastasia", "migrationStage":"NotStarted", "server":"akswtt102000010"}}
{"logTime": "0910/005235", "correlationVector":"QQMwp3Df+jPysSTvStogEt.2","action":"Commit Response", "result":"Success", "context":Result: Success. cV=QQMwp3Df+jPysSTvStogEt.0;server=akswtt102000010;cloudType=Consumer;environment=Prod_southeastasia_prod-s01-064-apac-southeastasia;migrationStage=NotStarted}
{"logTime": "0910/005235", "correlationVector":"jfN1I+OnsPO6dz0K/xfL3P","action":"Commit Request", "result":"", "context":Item count: 1
Contributing types: Device Info}
{"logTime": "0910/005235", "correlationVector":"jfN1I+OnsPO6dz0K/xfL3P.1","action":"SyncServerConnectionManagerRequest", "result":"SYNC_SERVER_OK", "context":{"environment":"Prod_southeastasia_prod-s01-064-apac-southeastasia", "migrationStage":"NotStarted", "server":"akswtt102000002"}}
{"logTime": "0910/005235", "correlationVector":"jfN1I+OnsPO6dz0K/xfL3P.2","action":"Commit Response", "result":"Success", "context":Result: Success. cV=jfN1I+OnsPO6dz0K/xfL3P.0;server=akswtt102000002;cloudType=Consumer;environment=Prod_southeastasia_prod-s01-064-apac-southeastasia;migrationStage=NotStarted}
{"logTime": "0910/005236", "correlationVector":"TfwZ1xvWmmlnTXHkxSgMoJ","action":"Commit Request", "result":"", "context":Item count: 1
Contributing types: Device Info}
{"logTime": "0910/005236", "correlationVector":"TfwZ1xvWmmlnTXHkxSgMoJ.1","action":"SyncServerConnectionManagerRequest", "result":"SYNC_SERVER_OK", "context":{"environment":"Prod_southeastasia_prod-s01-064-apac-southeastasia", "migrationStage":"NotStarted", "server":"akswtt10200000m"}}
{"logTime": "0910/005236", "correlationVector":"TfwZ1xvWmmlnTXHkxSgMoJ.2","action":"Commit Response", "result":"Success", "context":Result: Success. cV=TfwZ1xvWmmlnTXHkxSgMoJ.0;server=akswtt10200000m;cloudType=Consumer;environment=Prod_southeastasia_prod-s01-064-apac-southeastasia;migrationStage=NotStarted}
{"logTime": "0910/005237", "correlationVector":"dKncWdzmsvboykWW1chsk/","action":"Commit Request", "result":"", "context":Item count: 1
Contributing types: Device Info}
{"logTime": "0910/005237", "correlationVector":"dKncWdzmsvboykWW1chsk/.1","action":"SyncServerConnectionManagerRequest", "result":"SYNC_SERVER_OK", "context":{"environment":"Prod_southeastasia_prod-s01-064-apac-southeastasia", "migrationStage":"NotStarted", "server":"akswtt10200000b"}}
{"logTime": "0910/005237", "correlationVector":"dKncWdzmsvboykWW1chsk/.2","action":"Commit Response", "result":"Success", "context":Result: Success. cV=dKncWdzmsvboykWW1chsk/.0;server=akswtt10200000b;cloudType=Consumer;environment=Prod_southeastasia_prod-s01-064-apac-southeastasia;migrationStage=NotStarted}
{"logTime": "0910/005244", "correlationVector":"kcqQNw6dBwNXbP6oHZWyTa","action":"Commit Request", "result":"", "context":Item count: 1
Contributing types: Device Info}
{"logTime": "0910/005244", "correlationVector":"kcqQNw6dBwNXbP6oHZWyTa.1","action":"SyncServerConnectionManagerRequest", "result":"SYNC_SERVER_OK", "context":{"environment":"Prod_southeastasia_prod-s01-064-apac-southeastasia", "migrationStage":"NotStarted", "server":"akswtt102000000"}}
{"logTime": "0910/005244", "correlationVector":"kcqQNw6dBwNXbP6oHZWyTa.2","action":"Commit Response", "result":"Success", "context":Result: Success. cV=kcqQNw6dBwNXbP6oHZWyTa.0;server=akswtt102000000;cloudType=Consumer;environment=Prod_southeastasia_prod-s01-064-apac-southeastasia;migrationStage=NotStarted}
{"logTime": "0910/005345", "correlationVector":"mJpFuYz18SFm8BKpKhwKCm","action":"Commit Request", "result":"", "context":Item count: 17
Contributing types: Sessions, History}
{"logTime": "0910/005346", "correlationVector":"mJpFuYz18SFm8BKpKhwKCm.1","action":"SyncServerConnectionManagerRequest", "result":"SYNC_SERVER_OK", "context":{"environment":"Prod_southeastasia_prod-s01-065-apac-southeastasia", "migrationStage":"NotStarted", "server":"akswtt102000011"}}
{"logTime": "0910/005346", "correlationVector":"mJpFuYz18SFm8BKpKhwKCm.2","action":"Commit Response", "result":"Success", "context":Result: Success. cV=mJpFuYz18SFm8BKpKhwKCm.0;server=akswtt102000011;cloudType=Consumer;environment=Prod_southeastasia_prod-s01-065-apac-southeastasia;migrationStage=NotStarted}
{"logTime": "0910/005435", "correlationVector":"WEB2hyMOZm6k4uDvg+ni1Z","action":"Commit Request", "result":"", "context":Item count: 4
Contributing types: Preferences, Sessions, History}
{"logTime": "0910/005436", "correlationVector":"WEB2hyMOZm6k4uDvg+ni1Z.1","action":"SyncServerConnectionManagerRequest", "result":"SYNC_SERVER_OK", "context":{"environment":"Prod_southeastasia_prod-s01-065-apac-southeastasia", "migrationStage":"NotStarted", "server":"akswtt10200000l"}}
{"logTime": "0910/005436", "correlationVector":"WEB2hyMOZm6k4uDvg+ni1Z.2","action":"Commit Response", "result":"Success", "context":Result: Success. cV=WEB2hyMOZm6k4uDvg+ni1Z.0;server=akswtt10200000l;cloudType=Consumer;environment=Prod_southeastasia_prod-s01-065-apac-southeastasia;migrationStage=NotStarted}
{"logTime": "0910/081148", "correlationVector":"82fHx9sT7rubUpE9klITls","action":"Normal GetUpdate request", "result":"", "context":cV=82fHx9sT7rubUpE9klITls
Nudged types: Sessions, History
Refresh requested types: Bookmarks, Preferences, Passwords, Autofill Profiles, Autofill, Extensions, Sessions, Extension settings, History Delete Directives, Device Info, User Consents, Send Tab To Self, Web Apps, History, Saved Tab Group, WebAuthn Credentials, Collection, Edge E Drop, Edge Hub App Usage, Edge Wallet, Encryption Keys}
{"logTime": "0910/081149", "correlationVector":"82fHx9sT7rubUpE9klITls.1","action":"SyncServerConnectionManagerRequest", "result":"SYNC_SERVER_OK", "context":{"environment":"Prod_southeastasia_prod-s01-065-apac-southeastasia", "migrationStage":"NotStarted", "server":"akswtt10200000d"}}
{"logTime": "0910/081149", "correlationVector":"82fHx9sT7rubUpE9klITls.2","action":"ProcessGetUpdates", "result":"Done", "context":{"dataType":"Preferences", "deleted":"0", "process_failed_to_decrypt":"0", "process_pending_decryption":"0", "process_success":"3", "total":"3"}}
{"logTime": "0910/081149", "correlationVector":"82fHx9sT7rubUpE9klITls.3","action":"ProcessGetUpdates", "result":"Done", "context":{"dataType":"Sessions", "deleted":"2", "process_failed_to_decrypt":"0", "process_pending_decryption":"0", "process_success":"7", "total":"7"}}
{"logTime": "0910/081149", "correlationVector":"82fHx9sT7rubUpE9klITls.4","action":"ProcessGetUpdates", "result":"Done", "context":{"dataType":"Device Info", "deleted":"0", "process_failed_to_decrypt":"0", "process_pending_decryption":"0", "process_success":"1", "total":"1"}}
{"logTime": "0910/081149", "correlationVector":"82fHx9sT7rubUpE9klITls.5","action":"ProcessGetUpdates", "result":"Done", "context":{"dataType":"History", "deleted":"0", "process_failed_to_decrypt":"0", "process_pending_decryption":"0", "process_success":"28", "total":"28"}}
{"logTime": "0910/081149", "correlationVector":"82fHx9sT7rubUpE9klITls.6","action":"GetUpdates Response", "result":"Success", "context":Received 39 update(s). cV=82fHx9sT7rubUpE9klITls.0;server=akswtt10200000d;cloudType=Consumer;environment=Prod_southeastasia_prod-s01-065-apac-southeastasia;migrationStage=NotStarted}
{"logTime": "0910/081149", "correlationVector":"f8ssHV9VyNeLShFvWw+eoj","action":"Commit Request", "result":"", "context":Item count: 12
Contributing types: Sessions, History}
{"logTime": "0910/081150", "correlationVector":"f8ssHV9VyNeLShFvWw+eoj.1","action":"SyncServerConnectionManagerRequest", "result":"SYNC_SERVER_OK", "context":{"environment":"Prod_southeastasia_prod-s01-065-apac-southeastasia", "migrationStage":"NotStarted", "server":"akswtt10200000k"}}
{"logTime": "0910/081150", "correlationVector":"f8ssHV9VyNeLShFvWw+eoj.3","action":"Commit.Sessions", "result":"Success", "context":{"id":"8a675343-161a-475e-94aa-8b5ff2e0ae01", "isDeleted":"true", "size":"0", "version":"1757465625687"}}
{"logTime": "0910/081150", "correlationVector":"f8ssHV9VyNeLShFvWw+eoj.4","action":"Commit.Sessions", "result":"Success", "context":{"id":"c2d250c4-5f0e-490e-8ed7-9eaa9ef70c16", "isDeleted":"true", "size":"0", "version":"1757465625688"}}
{"logTime": "0910/081150", "correlationVector":"f8ssHV9VyNeLShFvWw+eoj.2","action":"Commit Response", "result":"Success", "context":Result: Success. cV=f8ssHV9VyNeLShFvWw+eoj.0;server=akswtt10200000k;cloudType=Consumer;environment=Prod_southeastasia_prod-s01-065-apac-southeastasia;migrationStage=NotStarted}
{"logTime": "0910/081150", "correlationVector":"f8ssHV9VyNeLShFvWw+eoj.5","action":"Commit.Sessions", "result":"Success", "context":{"id":"c4a26c7a-8947-4553-b34b-ae587b5b0575", "isDeleted":"true", "size":"0", "version":"1757465675665"}}
{"logTime": "0910/081150", "correlationVector":"f8ssHV9VyNeLShFvWw+eoj.6","action":"Commit.Sessions", "result":"Success", "context":{"id":"232e9565-a34b-4f00-bf5b-285b08bc8091", "isDeleted":"true", "size":"0", "version":"1757465625690"}}
{"logTime": "0910/081250", "correlationVector":"TAIiqVel6blSKIeaw3EF5c","action":"Commit Request", "result":"", "context":Item count: 12
Contributing types: Sessions, History}
{"logTime": "0910/081251", "correlationVector":"TAIiqVel6blSKIeaw3EF5c.1","action":"SyncServerConnectionManagerRequest", "result":"SYNC_SERVER_OK", "context":{"environment":"Prod_southeastasia_prod-s01-064-apac-southeastasia", "migrationStage":"NotStarted", "server":"akswtt102000010"}}
{"logTime": "0910/081251", "correlationVector":"TAIiqVel6blSKIeaw3EF5c.2","action":"Commit Response", "result":"Success", "context":Result: Success. cV=TAIiqVel6blSKIeaw3EF5c.0;server=akswtt102000010;cloudType=Consumer;environment=Prod_southeastasia_prod-s01-064-apac-southeastasia;migrationStage=NotStarted}
{"logTime": "0910/081740", "correlationVector":"5UAWg4FBUU4O9iiEQn8qDP","action":"Commit Request", "result":"", "context":Item count: 4
Contributing types: Sessions, History}
{"logTime": "0910/081740", "correlationVector":"5UAWg4FBUU4O9iiEQn8qDP.1","action":"SyncServerConnectionManagerRequest", "result":"SYNC_SERVER_OK", "context":{"environment":"Prod_southeastasia_prod-s01-065-apac-southeastasia", "migrationStage":"NotStarted", "server":"akswtt10200000t"}}
{"logTime": "0910/081740", "correlationVector":"5UAWg4FBUU4O9iiEQn8qDP.2","action":"Commit Response", "result":"Success", "context":Result: Success. cV=5UAWg4FBUU4O9iiEQn8qDP.0;server=akswtt10200000t;cloudType=Consumer;environment=Prod_southeastasia_prod-s01-065-apac-southeastasia;migrationStage=NotStarted}
{"logTime": "0910/083721", "correlationVector":"zCgligSvfi/614BSLam4eH","action":"Poll GetUpdate request", "result":"", "context":cV=zCgligSvfi/614BSLam4eH}
{"logTime": "0910/083722", "correlationVector":"zCgligSvfi/614BSLam4eH.1","action":"SyncServerConnectionManagerRequest", "result":"SYNC_SERVER_OK", "context":{"environment":"Prod_southeastasia_prod-s01-064-apac-southeastasia", "migrationStage":"NotStarted", "server":"akswtt10200000s"}}
{"logTime": "0910/083722", "correlationVector":"zCgligSvfi/614BSLam4eH.2","action":"ProcessGetUpdates", "result":"Done", "context":{"dataType":"Sessions", "deleted":"4", "process_failed_to_decrypt":"0", "process_pending_decryption":"0", "process_success":"7", "total":"7"}}
{"logTime": "0910/083722", "correlationVector":"zCgligSvfi/614BSLam4eH.3","action":"ProcessGetUpdates", "result":"Done", "context":{"dataType":"History", "deleted":"0", "process_failed_to_decrypt":"0", "process_pending_decryption":"0", "process_success":"16", "total":"16"}}
{"logTime": "0910/083722", "correlationVector":"zCgligSvfi/614BSLam4eH.4","action":"GetUpdates Response", "result":"Success", "context":Received 23 update(s). cV=zCgligSvfi/614BSLam4eH.0;server=akswtt10200000s;cloudType=Consumer;environment=Prod_southeastasia_prod-s01-064-apac-southeastasia;migrationStage=NotStarted}
